<?xml version="1.0" encoding="UTF-8"?>
<robot generator="Robot 4.0.1 (Python 3.8.6 on win32)" generated="20210826 09:51:14.957" rpa="false" schemaversion="2">
<suite id="s1" name="Tests Recette" source="C:\Users\TMP_FALL53278\Desktop\tests-selenium\Tests_Recette">
<suite id="s1-s1" name="Alarmes" source="C:\Users\TMP_FALL53278\Desktop\tests-selenium\Tests_Recette\Alarmes.robot">
<test id="s1-s1-t1" name="01_Lister des alarmes">
<kw name="Set Variable" library="BuiltIn">
<var>${TEST NAME}</var>
<arg>Liste des alarmes</arg>
<doc>Returns the given values which can then be assigned to a variables.</doc>
<msg timestamp="20210826 09:51:17.185" level="INFO">${TEST NAME} = Liste des alarmes</msg>
<status status="PASS" starttime="20210826 09:51:17.184" endtime="20210826 09:51:17.186"/>
</kw>
<kw name="Authentification" library="LoginKeyword">
<kw name="Ouvrir le navigateur" library="common">
<arg>${UrlRadar}</arg>
<kw name="Run Keyword If" library="BuiltIn">
<arg>'${ENVIRONMENT}' == 'rec'</arg>
<arg>open browser</arg>
<arg>${UrlRadar.${ENVIRONMENT}}</arg>
<arg>browser=${browserName}</arg>
<arg>remote_url=${remote_url}</arg>
<arg>desired_capabilities=${capabilities}</arg>
<arg>ELSE</arg>
<arg>open browser</arg>
<arg>${Url_Preprod.${ENVIRONMENT}}</arg>
<arg>browser=${browserName}</arg>
<arg>remote_url=${remote_url}</arg>
<arg>desired_capabilities=${capabilities}</arg>
<doc>Runs the given keyword with the given arguments, if ``condition`` is true.</doc>
<kw name="Open Browser" library="SeleniumLibrary">
<arg>${UrlRadar.${ENVIRONMENT}}</arg>
<arg>browser=${browserName}</arg>
<arg>remote_url=${remote_url}</arg>
<arg>desired_capabilities=${capabilities}</arg>
<doc>Opens a new browser instance to the optional ``url``.</doc>
<msg timestamp="20210826 09:51:17.204" level="INFO">Opening browser 'chrome' to base url 'http://rec-radar.orange-sonatel.com:8080' through remote server at 'https://kouna:6f718376-d013-4617-802c-f78d020ca2cb@ondemand.eu-central-1.saucelabs.com:443/wd/hub'.</msg>
<status status="PASS" starttime="20210826 09:51:17.193" endtime="20210826 09:51:27.527"/>
</kw>
<status status="PASS" starttime="20210826 09:51:17.191" endtime="20210826 09:51:27.527"/>
</kw>
<kw name="Maximize Browser Window" library="SeleniumLibrary">
<doc>Maximizes current browser window.</doc>
<status status="PASS" starttime="20210826 09:51:27.528" endtime="20210826 09:51:27.861"/>
</kw>
<status status="PASS" starttime="20210826 09:51:17.189" endtime="20210826 09:51:27.861"/>
</kw>
<kw name="Entrer le username" library="LoginKeyword">
<arg>${user}</arg>
<kw name="Wait Until Element Is Visible" library="SeleniumLibrary">
<arg>${txt_username}</arg>
<arg>30</arg>
<doc>Waits until the element ``locator`` is visible.</doc>
<status status="PASS" starttime="20210826 09:51:27.863" endtime="20210826 09:51:28.544"/>
</kw>
<kw name="Input Text" library="SeleniumLibrary">
<arg>${txt_username}</arg>
<arg>${username}</arg>
<doc>Types the given ``text`` into the text field identified by ``locator``.</doc>
<msg timestamp="20210826 09:51:28.546" level="INFO">Typing text 'admin' into text field 'id:username'.</msg>
<status status="PASS" starttime="20210826 09:51:28.545" endtime="20210826 09:51:29.781"/>
</kw>
<status status="PASS" starttime="20210826 09:51:27.862" endtime="20210826 09:51:29.781"/>
</kw>
<kw name="Entrer le password" library="LoginKeyword">
<arg>${pwd}</arg>
<kw name="Wait Until Element Is Visible" library="SeleniumLibrary">
<arg>${txt_password}</arg>
<arg>5</arg>
<doc>Waits until the element ``locator`` is visible.</doc>
<status status="PASS" starttime="20210826 09:51:29.783" endtime="20210826 09:51:30.457"/>
</kw>
<kw name="Input Text" library="SeleniumLibrary">
<arg>${txt_password}</arg>
<arg>${password}</arg>
<doc>Types the given ``text`` into the text field identified by ``locator``.</doc>
<msg timestamp="20210826 09:51:30.459" level="INFO">Typing text 'admin' into text field 'id=password'.</msg>
<status status="PASS" starttime="20210826 09:51:30.458" endtime="20210826 09:51:31.763"/>
</kw>
<status status="PASS" starttime="20210826 09:51:29.782" endtime="20210826 09:51:31.763"/>
</kw>
<kw name="Clic sur le bouton Connexion" library="LoginKeyword">
<kw name="Click Button" library="SeleniumLibrary">
<arg>${btn_connexion}</arg>
<doc>Clicks the button identified by ``locator``.</doc>
<msg timestamp="20210826 09:51:31.766" level="INFO">Clicking button 'id:kc-login'.</msg>
<status status="PASS" starttime="20210826 09:51:31.765" endtime="20210826 09:51:35.404"/>
</kw>
<status status="PASS" starttime="20210826 09:51:31.764" endtime="20210826 09:51:35.405"/>
</kw>
<kw name="Sleep" library="BuiltIn">
<arg>2</arg>
<doc>Pauses the test executed for the given time.</doc>
<msg timestamp="20210826 09:51:37.406" level="INFO">Slept 2 seconds</msg>
<status status="PASS" starttime="20210826 09:51:35.405" endtime="20210826 09:51:37.406"/>
</kw>
<kw name="Verifier le titre de la page" library="LoginKeyword">
<kw name="Title Should Be" library="SeleniumLibrary">
<arg>Fraud Management System</arg>
<doc>Verifies that the current page title equals ``title``.</doc>
<msg timestamp="20210826 09:51:37.738" level="INFO">Page title is 'Fraud Management System'.</msg>
<status status="PASS" starttime="20210826 09:51:37.409" endtime="20210826 09:51:37.739"/>
</kw>
<status status="PASS" starttime="20210826 09:51:37.407" endtime="20210826 09:51:37.739"/>
</kw>
<status status="PASS" starttime="20210826 09:51:17.187" endtime="20210826 09:51:37.740"/>
</kw>
<kw name="Clic sur le menu Alarms" library="AlarmesKeyword">
<kw name="Wait Until Element Is Enabled" library="SeleniumLibrary">
<arg>${menu_alarmes}</arg>
<arg>10</arg>
<doc>Waits until the element ``locator`` is enabled.</doc>
<status status="PASS" starttime="20210826 09:51:37.742" endtime="20210826 09:51:38.758"/>
</kw>
<kw name="Click Element" library="SeleniumLibrary">
<arg>${menu_alarmes}</arg>
<doc>Click the element identified by ``locator``.</doc>
<msg timestamp="20210826 09:51:38.759" level="INFO">Clicking element 'xpath://*[@id="alarmsNavBarDropdown"]/span/span'.</msg>
<status status="PASS" starttime="20210826 09:51:38.758" endtime="20210826 09:51:39.570"/>
</kw>
<status status="PASS" starttime="20210826 09:51:37.741" endtime="20210826 09:51:39.570"/>
</kw>
<kw name="Clic sur le sous menu Alarms" library="AlarmesKeyword">
<kw name="Wait Until Element Is Enabled" library="SeleniumLibrary">
<arg>${sous_menu_alarmes}</arg>
<arg>10</arg>
<doc>Waits until the element ``locator`` is enabled.</doc>
<status status="PASS" starttime="20210826 09:51:39.572" endtime="20210826 09:51:40.583"/>
</kw>
<kw name="Click Element" library="SeleniumLibrary">
<arg>${sous_menu_alarmes}</arg>
<doc>Click the element identified by ``locator``.</doc>
<msg timestamp="20210826 09:51:40.585" level="INFO">Clicking element 'xpath://*[@id="orange-navbar-collapse"]/ul/li[4]/ul/li[1]/a/span/span'.</msg>
<status status="PASS" starttime="20210826 09:51:40.584" endtime="20210826 09:51:41.703"/>
</kw>
<kw name="Sleep" library="BuiltIn">
<arg>2</arg>
<doc>Pauses the test executed for the given time.</doc>
<msg timestamp="20210826 09:51:43.705" level="INFO">Slept 2 seconds</msg>
<status status="PASS" starttime="20210826 09:51:41.703" endtime="20210826 09:51:43.705"/>
</kw>
<status status="PASS" starttime="20210826 09:51:39.571" endtime="20210826 09:51:43.706"/>
</kw>
<kw name="Verifier les sous menu" library="AlarmesKeyword">
<kw name="Wait Until Element Is Visible" library="SeleniumLibrary">
<arg>${sous_menu_allAlarmes}</arg>
<arg>30</arg>
<doc>Waits until the element ``locator`` is visible.</doc>
<status status="PASS" starttime="20210826 09:51:43.708" endtime="20210826 09:51:44.639"/>
</kw>
<kw name="Element Should Be Visible" library="SeleniumLibrary">
<arg>${sous_menu_myAlarmes}</arg>
<doc>Verifies that the element identified by ``locator`` is visible.</doc>
<msg timestamp="20210826 09:51:45.408" level="INFO">Element 'xpath=//*[@id="myAlarmes"]/a/span' is displayed.</msg>
<status status="PASS" starttime="20210826 09:51:44.639" endtime="20210826 09:51:45.409"/>
</kw>
<kw name="Element Should Be Visible" library="SeleniumLibrary">
<arg>${sous_menu_closedAlarms}</arg>
<doc>Verifies that the element identified by ``locator`` is visible.</doc>
<msg timestamp="20210826 09:51:46.081" level="INFO">Element 'xpath=//*[@id="closedAlarms"]/a/span' is displayed.</msg>
<status status="PASS" starttime="20210826 09:51:45.410" endtime="20210826 09:51:46.082"/>
</kw>
<status status="PASS" starttime="20210826 09:51:43.707" endtime="20210826 09:51:46.083"/>
</kw>
<kw name="Verifier les filtres alarmes" library="AlarmesKeyword">
<kw name="Wait Until Element Is Visible" library="SeleniumLibrary">
<arg>${flt_regle}</arg>
<arg>30</arg>
<doc>Waits until the element ``locator`` is visible.</doc>
<status status="PASS" starttime="20210826 09:51:46.085" endtime="20210826 09:51:46.775"/>
</kw>
<kw name="Page Should Contain Element" library="SeleniumLibrary">
<arg>${flt_dateCreation}</arg>
<doc>Verifies that element ``locator`` is found on the current page.</doc>
<msg timestamp="20210826 09:51:47.111" level="INFO">Current page contains element '//*[@id="dropdownImpact"]/span'.</msg>
<status status="PASS" starttime="20210826 09:51:46.776" endtime="20210826 09:51:47.112"/>
</kw>
<kw name="Page Should Contain Element" library="SeleniumLibrary">
<arg>${flt_valorisation}</arg>
<doc>Verifies that element ``locator`` is found on the current page.</doc>
<msg timestamp="20210826 09:51:47.456" level="INFO">Current page contains element '//*[@id="dropdownImpact"]/span[1]/span'.</msg>
<status status="PASS" starttime="20210826 09:51:47.112" endtime="20210826 09:51:47.456"/>
</kw>
<kw name="Page Should Contain Element" library="SeleniumLibrary">
<arg>${flt_nbrAlertes}</arg>
<doc>Verifies that element ``locator`` is found on the current page.</doc>
<msg timestamp="20210826 09:51:47.781" level="INFO">Current page contains element '//*[@id="dropdownAlertCount"]/span[1]/span'.</msg>
<status status="PASS" starttime="20210826 09:51:47.456" endtime="20210826 09:51:47.781"/>
</kw>
<kw name="Page Should Contain Element" library="SeleniumLibrary">
<arg>${flt_assignation}</arg>
<doc>Verifies that element ``locator`` is found on the current page.</doc>
<msg timestamp="20210826 09:51:48.117" level="INFO">Current page contains element '//*[@id="filtre"]/div[1]/div[5]/angular2-multiselect/div/div[1]/div/span[1]'.</msg>
<status status="PASS" starttime="20210826 09:51:47.782" endtime="20210826 09:51:48.118"/>
</kw>
<kw name="Page Should Contain Element" library="SeleniumLibrary">
<arg>${flt_statutAlarme}</arg>
<doc>Verifies that element ``locator`` is found on the current page.</doc>
<msg timestamp="20210826 09:51:48.466" level="INFO">Current page contains element '//*[@id="filtre"]/div[1]/div[7]/angular2-multiselect/div/div[1]/div/span[1]'.</msg>
<status status="PASS" starttime="20210826 09:51:48.118" endtime="20210826 09:51:48.467"/>
</kw>
<kw name="Page Should Contain Element" library="SeleniumLibrary">
<arg>${btn_reset}</arg>
<doc>Verifies that element ``locator`` is found on the current page.</doc>
<msg timestamp="20210826 09:51:48.829" level="INFO">Current page contains element 'xpath=//*[@id="serchToolButton"]/a[1]'.</msg>
<status status="PASS" starttime="20210826 09:51:48.467" endtime="20210826 09:51:48.830"/>
</kw>
<kw name="Page Should Contain Element" library="SeleniumLibrary">
<arg>${btn_filter}</arg>
<doc>Verifies that element ``locator`` is found on the current page.</doc>
<msg timestamp="20210826 09:51:49.198" level="INFO">Current page contains element 'xpath=//*[@id="serchToolButton"]/a[2]'.</msg>
<status status="PASS" starttime="20210826 09:51:48.830" endtime="20210826 09:51:49.199"/>
</kw>
<status status="PASS" starttime="20210826 09:51:46.084" endtime="20210826 09:51:49.199"/>
</kw>
<kw name="Verifier les boutons reset et filter" library="AlarmesKeyword">
<kw name="Wait Until Element Is Visible" library="SeleniumLibrary">
<arg>${flt_regle}</arg>
<arg>30</arg>
<doc>Waits until the element ``locator`` is visible.</doc>
<status status="PASS" starttime="20210826 09:51:49.201" endtime="20210826 09:51:49.881"/>
</kw>
<kw name="Element Should Be Visible" library="SeleniumLibrary">
<arg>${btn_reset}</arg>
<doc>Verifies that the element identified by ``locator`` is visible.</doc>
<msg timestamp="20210826 09:51:50.561" level="INFO">Element 'xpath=//*[@id="serchToolButton"]/a[1]' is displayed.</msg>
<status status="PASS" starttime="20210826 09:51:49.881" endtime="20210826 09:51:50.562"/>
</kw>
<kw name="Element Should Be Visible" library="SeleniumLibrary">
<arg>${btn_filter}</arg>
<doc>Verifies that the element identified by ``locator`` is visible.</doc>
<msg timestamp="20210826 09:51:51.233" level="INFO">Element 'xpath=//*[@id="serchToolButton"]/a[2]' is displayed.</msg>
<status status="PASS" starttime="20210826 09:51:50.562" endtime="20210826 09:51:51.234"/>
</kw>
<status status="PASS" starttime="20210826 09:51:49.200" endtime="20210826 09:51:51.234"/>
</kw>
<kw name="Verifier la presence des colonnes" library="AlarmesKeyword">
<kw name="Wait Until Element Is Visible" library="SeleniumLibrary">
<arg>${col_nomAlarme}</arg>
<arg>30</arg>
<doc>Waits until the element ``locator`` is visible.</doc>
<status status="PASS" starttime="20210826 09:51:51.236" endtime="20210826 09:51:51.913"/>
</kw>
<kw name="Page Should Contain Element" library="SeleniumLibrary">
<arg>${col_regleAlarme}</arg>
<doc>Verifies that element ``locator`` is found on the current page.</doc>
<msg timestamp="20210826 09:51:52.285" level="INFO">Current page contains element 'xpath=//*[@id="table-alarm"]/thead/tr/th[4]/span'.</msg>
<status status="PASS" starttime="20210826 09:51:51.913" endtime="20210826 09:51:52.286"/>
</kw>
<kw name="Page Should Contain Element" library="SeleniumLibrary">
<arg>${col_dateCreationAlarme}</arg>
<doc>Verifies that element ``locator`` is found on the current page.</doc>
<msg timestamp="20210826 09:51:52.639" level="INFO">Current page contains element 'xpath=//*[@id="table-alarm"]/thead/tr/th[5]/span'.</msg>
<status status="PASS" starttime="20210826 09:51:52.286" endtime="20210826 09:51:52.639"/>
</kw>
<kw name="Page Should Contain Element" library="SeleniumLibrary">
<arg>${col_dateModificationAlarme}</arg>
<doc>Verifies that element ``locator`` is found on the current page.</doc>
<msg timestamp="20210826 09:51:52.978" level="INFO">Current page contains element 'xpath=//*[@id="table-alarm"]/thead/tr/th[6]/span'.</msg>
<status status="PASS" starttime="20210826 09:51:52.640" endtime="20210826 09:51:52.978"/>
</kw>
<kw name="Page Should Contain Element" library="SeleniumLibrary">
<arg>${col_valeurAggregationAlarme}</arg>
<doc>Verifies that element ``locator`` is found on the current page.</doc>
<msg timestamp="20210826 09:51:53.308" level="INFO">Current page contains element 'xpath=//*[@id="table-alarm"]/thead/tr/th[7]/span'.</msg>
<status status="PASS" starttime="20210826 09:51:52.979" endtime="20210826 09:51:53.309"/>
</kw>
<kw name="Page Should Contain Element" library="SeleniumLibrary">
<arg>${col_valorisationAlarme}</arg>
<doc>Verifies that element ``locator`` is found on the current page.</doc>
<msg timestamp="20210826 09:51:53.646" level="INFO">Current page contains element 'xpath=//*[@id="table-alarm"]/thead/tr/th[8]/span'.</msg>
<status status="PASS" starttime="20210826 09:51:53.309" endtime="20210826 09:51:53.646"/>
</kw>
<kw name="Page Should Contain Element" library="SeleniumLibrary">
<arg>${col_nbrAlertesAlarme}</arg>
<doc>Verifies that element ``locator`` is found on the current page.</doc>
<msg timestamp="20210826 09:51:53.979" level="INFO">Current page contains element 'xpath=//*[@id="table-alarm"]/thead/tr/th[9]/span'.</msg>
<status status="PASS" starttime="20210826 09:51:53.646" endtime="20210826 09:51:53.979"/>
</kw>
<kw name="Page Should Contain Element" library="SeleniumLibrary">
<arg>${col_assignAlarme}</arg>
<doc>Verifies that element ``locator`` is found on the current page.</doc>
<msg timestamp="20210826 09:51:54.325" level="INFO">Current page contains element 'xpath=//*[@id="table-alarm"]/thead/tr/th[10]/span'.</msg>
<status status="PASS" starttime="20210826 09:51:53.980" endtime="20210826 09:51:54.326"/>
</kw>
<kw name="Page Should Contain Element" library="SeleniumLibrary">
<arg>${col_statutAlarme}</arg>
<doc>Verifies that element ``locator`` is found on the current page.</doc>
<msg timestamp="20210826 09:51:54.665" level="INFO">Current page contains element 'xpath=//*[@id="table-alarm"]/thead/tr/th[11]/span'.</msg>
<status status="PASS" starttime="20210826 09:51:54.326" endtime="20210826 09:51:54.666"/>
</kw>
<status status="PASS" starttime="20210826 09:51:51.235" endtime="20210826 09:51:54.667"/>
</kw>
<kw name="Scroller vers le bas" library="common">
<kw name="Execute Javascript" library="SeleniumLibrary">
<arg>window.scrollTo(1239,4777)</arg>
<doc>Executes the given JavaScript code with possible arguments.</doc>
<msg timestamp="20210826 09:51:54.671" level="INFO">Executing JavaScript:
window.scrollTo(1239,4777)
Without any arguments.</msg>
<status status="PASS" starttime="20210826 09:51:54.670" endtime="20210826 09:51:55.128"/>
</kw>
<kw name="Sleep" library="BuiltIn">
<arg>2</arg>
<doc>Pauses the test executed for the given time.</doc>
<msg timestamp="20210826 09:51:57.130" level="INFO">Slept 2 seconds</msg>
<status status="PASS" starttime="20210826 09:51:55.128" endtime="20210826 09:51:57.130"/>
</kw>
<kw name="Execute Javascript" library="SeleniumLibrary">
<arg>window.scrollTo(1239,4777)</arg>
<doc>Executes the given JavaScript code with possible arguments.</doc>
<msg timestamp="20210826 09:51:57.132" level="INFO">Executing JavaScript:
window.scrollTo(1239,4777)
Without any arguments.</msg>
<status status="PASS" starttime="20210826 09:51:57.131" endtime="20210826 09:51:57.539"/>
</kw>
<kw name="Sleep" library="BuiltIn">
<arg>2</arg>
<doc>Pauses the test executed for the given time.</doc>
<msg timestamp="20210826 09:51:59.541" level="INFO">Slept 2 seconds</msg>
<status status="PASS" starttime="20210826 09:51:57.540" endtime="20210826 09:51:59.541"/>
</kw>
<status status="PASS" starttime="20210826 09:51:54.668" endtime="20210826 09:51:59.542"/>
</kw>
<kw name="End Session" library="common" type="TEARDOWN">
<kw name="Run Keyword If" library="BuiltIn">
<arg>'${TEST_STATUS}'== 'PASS'</arg>
<arg>Execute Javascript</arg>
<arg>sauce:job-result=passed</arg>
<arg>ELSE</arg>
<arg>execute javascript</arg>
<arg>sauce:job-result=failed</arg>
<doc>Runs the given keyword with the given arguments, if ``condition`` is true.</doc>
<kw name="Execute Javascript" library="SeleniumLibrary">
<arg>sauce:job-result=passed</arg>
<doc>Executes the given JavaScript code with possible arguments.</doc>
<msg timestamp="20210826 09:51:59.550" level="INFO">Executing JavaScript:
sauce:job-result=passed
Without any arguments.</msg>
<status status="PASS" starttime="20210826 09:51:59.548" endtime="20210826 09:51:59.922"/>
</kw>
<status status="PASS" starttime="20210826 09:51:59.546" endtime="20210826 09:51:59.922"/>
</kw>
<kw name="Execute Javascript" library="SeleniumLibrary">
<arg>sauce:job-name=${TEST NAME}</arg>
<doc>Executes the given JavaScript code with possible arguments.</doc>
<msg timestamp="20210826 09:51:59.926" level="INFO">Executing JavaScript:
sauce:job-name=01_Lister des alarmes
Without any arguments.</msg>
<status status="PASS" starttime="20210826 09:51:59.923" endtime="20210826 09:52:00.258"/>
</kw>
<kw name="Close Browser" library="SeleniumLibrary">
<doc>Closes the current browser.</doc>
<status status="PASS" starttime="20210826 09:52:00.258" endtime="20210826 09:52:00.668"/>
</kw>
<status status="PASS" starttime="20210826 09:51:59.544" endtime="20210826 09:52:00.669"/>
</kw>
<doc>La liste des alarmes</doc>
<tag>TA_01</tag>
<status status="PASS" starttime="20210826 09:51:17.180" endtime="20210826 09:52:00.669"/>
</test>
<test id="s1-s1-t2" name="02_Affichage des boutons daction de reassignation et dexport">
<kw name="Set Variable" library="BuiltIn">
<var>${TEST NAME}</var>
<arg>Affichage des boutons daction</arg>
<doc>Returns the given values which can then be assigned to a variables.</doc>
<msg timestamp="20210826 09:52:00.676" level="INFO">${TEST NAME} = Affichage des boutons daction</msg>
<status status="PASS" starttime="20210826 09:52:00.675" endtime="20210826 09:52:00.676"/>
</kw>
<kw name="Authentification" library="LoginKeyword">
<kw name="Ouvrir le navigateur" library="common">
<arg>${UrlRadar}</arg>
<kw name="Run Keyword If" library="BuiltIn">
<arg>'${ENVIRONMENT}' == 'rec'</arg>
<arg>open browser</arg>
<arg>${UrlRadar.${ENVIRONMENT}}</arg>
<arg>browser=${browserName}</arg>
<arg>remote_url=${remote_url}</arg>
<arg>desired_capabilities=${capabilities}</arg>
<arg>ELSE</arg>
<arg>open browser</arg>
<arg>${Url_Preprod.${ENVIRONMENT}}</arg>
<arg>browser=${browserName}</arg>
<arg>remote_url=${remote_url}</arg>
<arg>desired_capabilities=${capabilities}</arg>
<doc>Runs the given keyword with the given arguments, if ``condition`` is true.</doc>
<kw name="Open Browser" library="SeleniumLibrary">
<arg>${UrlRadar.${ENVIRONMENT}}</arg>
<arg>browser=${browserName}</arg>
<arg>remote_url=${remote_url}</arg>
<arg>desired_capabilities=${capabilities}</arg>
<doc>Opens a new browser instance to the optional ``url``.</doc>
<msg timestamp="20210826 09:52:00.691" level="INFO">Opening browser 'chrome' to base url 'http://rec-radar.orange-sonatel.com:8080' through remote server at 'https://kouna:6f718376-d013-4617-802c-f78d020ca2cb@ondemand.eu-central-1.saucelabs.com:443/wd/hub'.</msg>
<status status="PASS" starttime="20210826 09:52:00.680" endtime="20210826 09:52:11.164"/>
</kw>
<status status="PASS" starttime="20210826 09:52:00.679" endtime="20210826 09:52:11.164"/>
</kw>
<kw name="Maximize Browser Window" library="SeleniumLibrary">
<doc>Maximizes current browser window.</doc>
<status status="PASS" starttime="20210826 09:52:11.165" endtime="20210826 09:52:11.497"/>
</kw>
<status status="PASS" starttime="20210826 09:52:00.678" endtime="20210826 09:52:11.498"/>
</kw>
<kw name="Entrer le username" library="LoginKeyword">
<arg>${user}</arg>
<kw name="Wait Until Element Is Visible" library="SeleniumLibrary">
<arg>${txt_username}</arg>
<arg>30</arg>
<doc>Waits until the element ``locator`` is visible.</doc>
<status status="PASS" starttime="20210826 09:52:11.500" endtime="20210826 09:52:12.183"/>
</kw>
<kw name="Input Text" library="SeleniumLibrary">
<arg>${txt_username}</arg>
<arg>${username}</arg>
<doc>Types the given ``text`` into the text field identified by ``locator``.</doc>
<msg timestamp="20210826 09:52:12.185" level="INFO">Typing text 'admin' into text field 'id:username'.</msg>
<status status="PASS" starttime="20210826 09:52:12.184" endtime="20210826 09:52:13.370"/>
</kw>
<status status="PASS" starttime="20210826 09:52:11.498" endtime="20210826 09:52:13.371"/>
</kw>
<kw name="Entrer le password" library="LoginKeyword">
<arg>${pwd}</arg>
<kw name="Wait Until Element Is Visible" library="SeleniumLibrary">
<arg>${txt_password}</arg>
<arg>5</arg>
<doc>Waits until the element ``locator`` is visible.</doc>
<status status="PASS" starttime="20210826 09:52:13.372" endtime="20210826 09:52:14.057"/>
</kw>
<kw name="Input Text" library="SeleniumLibrary">
<arg>${txt_password}</arg>
<arg>${password}</arg>
<doc>Types the given ``text`` into the text field identified by ``locator``.</doc>
<msg timestamp="20210826 09:52:14.058" level="INFO">Typing text 'admin' into text field 'id=password'.</msg>
<status status="PASS" starttime="20210826 09:52:14.057" endtime="20210826 09:52:15.351"/>
</kw>
<status status="PASS" starttime="20210826 09:52:13.371" endtime="20210826 09:52:15.352"/>
</kw>
<kw name="Clic sur le bouton Connexion" library="LoginKeyword">
<kw name="Click Button" library="SeleniumLibrary">
<arg>${btn_connexion}</arg>
<doc>Clicks the button identified by ``locator``.</doc>
<msg timestamp="20210826 09:52:15.354" level="INFO">Clicking button 'id:kc-login'.</msg>
<status status="PASS" starttime="20210826 09:52:15.353" endtime="20210826 09:52:20.405"/>
</kw>
<status status="PASS" starttime="20210826 09:52:15.352" endtime="20210826 09:52:20.405"/>
</kw>
<kw name="Sleep" library="BuiltIn">
<arg>2</arg>
<doc>Pauses the test executed for the given time.</doc>
<msg timestamp="20210826 09:52:22.407" level="INFO">Slept 2 seconds</msg>
<status status="PASS" starttime="20210826 09:52:20.406" endtime="20210826 09:52:22.407"/>
</kw>
<kw name="Verifier le titre de la page" library="LoginKeyword">
<kw name="Title Should Be" library="SeleniumLibrary">
<arg>Fraud Management System</arg>
<doc>Verifies that the current page title equals ``title``.</doc>
<msg timestamp="20210826 09:52:22.749" level="INFO">Page title is 'Fraud Management System'.</msg>
<status status="PASS" starttime="20210826 09:52:22.409" endtime="20210826 09:52:22.750"/>
</kw>
<status status="PASS" starttime="20210826 09:52:22.408" endtime="20210826 09:52:22.750"/>
</kw>
<status status="PASS" starttime="20210826 09:52:00.677" endtime="20210826 09:52:22.751"/>
</kw>
<kw name="Clic sur le menu Alarms" library="AlarmesKeyword">
<kw name="Wait Until Element Is Enabled" library="SeleniumLibrary">
<arg>${menu_alarmes}</arg>
<arg>10</arg>
<doc>Waits until the element ``locator`` is enabled.</doc>
<status status="PASS" starttime="20210826 09:52:22.753" endtime="20210826 09:52:23.776"/>
</kw>
<kw name="Click Element" library="SeleniumLibrary">
<arg>${menu_alarmes}</arg>
<doc>Click the element identified by ``locator``.</doc>
<msg timestamp="20210826 09:52:23.778" level="INFO">Clicking element 'xpath://*[@id="alarmsNavBarDropdown"]/span/span'.</msg>
<status status="PASS" starttime="20210826 09:52:23.777" endtime="20210826 09:52:24.881"/>
</kw>
<status status="PASS" starttime="20210826 09:52:22.752" endtime="20210826 09:52:24.882"/>
</kw>
<kw name="Clic sur le sous menu Alarms" library="AlarmesKeyword">
<kw name="Wait Until Element Is Enabled" library="SeleniumLibrary">
<arg>${sous_menu_alarmes}</arg>
<arg>10</arg>
<doc>Waits until the element ``locator`` is enabled.</doc>
<status status="PASS" starttime="20210826 09:52:24.884" endtime="20210826 09:52:25.919"/>
</kw>
<kw name="Click Element" library="SeleniumLibrary">
<arg>${sous_menu_alarmes}</arg>
<doc>Click the element identified by ``locator``.</doc>
<msg timestamp="20210826 09:52:25.920" level="INFO">Clicking element 'xpath://*[@id="orange-navbar-collapse"]/ul/li[4]/ul/li[1]/a/span/span'.</msg>
<status status="PASS" starttime="20210826 09:52:25.919" endtime="20210826 09:52:27.073"/>
</kw>
<kw name="Sleep" library="BuiltIn">
<arg>2</arg>
<doc>Pauses the test executed for the given time.</doc>
<msg timestamp="20210826 09:52:29.076" level="INFO">Slept 2 seconds</msg>
<status status="PASS" starttime="20210826 09:52:27.073" endtime="20210826 09:52:29.076"/>
</kw>
<status status="PASS" starttime="20210826 09:52:24.883" endtime="20210826 09:52:29.077"/>
</kw>
<kw name="Verifier laffichage des boutons daction de reassignation et dexport en fonction des statuts et de lassignation des alarmes" library="AlarmesKeyword">
<kw name="Create List" library="BuiltIn">
<var>@{Stat}</var>
<arg>NEW</arg>
<arg>INV</arg>
<arg>PEN</arg>
<arg>AVL</arg>
<doc>Returns a list containing given items.</doc>
<msg timestamp="20210826 09:52:29.080" level="INFO">@{Stat} = [ NEW | INV | PEN | AVL ]</msg>
<status status="PASS" starttime="20210826 09:52:29.079" endtime="20210826 09:52:29.080"/>
</kw>
<for flavor="IN">
<var>${Item}</var>
<value>@{Stat}</value>
<iter>
<var name="${Item}">NEW</var>
<kw name="Click Element" library="SeleniumLibrary">
<arg>${flt_statutAlarme}</arg>
<doc>Click the element identified by ``locator``.</doc>
<msg timestamp="20210826 09:52:29.082" level="INFO">Clicking element '//*[@id="filtre"]/div[1]/div[7]/angular2-multiselect/div/div[1]/div/span[1]'.</msg>
<status status="PASS" starttime="20210826 09:52:29.081" endtime="20210826 09:52:30.615"/>
</kw>
<kw name="Run Keyword If" library="BuiltIn">
<arg>'${Item}'=='${Item}'</arg>
<arg>Input Text</arg>
<arg>xpath=(//input[@type='text'])[3]</arg>
<arg>${Item}</arg>
<arg>ELSE</arg>
<arg>Continue For Loop</arg>
<doc>Runs the given keyword with the given arguments, if ``condition`` is true.</doc>
<kw name="Input Text" library="SeleniumLibrary">
<arg>xpath=(//input[@type='text'])[3]</arg>
<arg>${Item}</arg>
<doc>Types the given ``text`` into the text field identified by ``locator``.</doc>
<msg timestamp="20210826 09:52:30.618" level="INFO">Typing text 'NEW' into text field 'xpath=(//input[@type='text'])[3]'.</msg>
<status status="PASS" starttime="20210826 09:52:30.617" endtime="20210826 09:52:32.010"/>
</kw>
<status status="PASS" starttime="20210826 09:52:30.615" endtime="20210826 09:52:32.010"/>
</kw>
<kw name="Sleep" library="BuiltIn">
<arg>2</arg>
<doc>Pauses the test executed for the given time.</doc>
<msg timestamp="20210826 09:52:34.013" level="INFO">Slept 2 seconds</msg>
<status status="PASS" starttime="20210826 09:52:32.010" endtime="20210826 09:52:34.014"/>
</kw>
<kw name="Click Element" library="SeleniumLibrary">
<arg>${check_statutAlarme}</arg>
<doc>Click the element identified by ``locator``.</doc>
<msg timestamp="20210826 09:52:34.016" level="INFO">Clicking element 'xpath=//*[@id="filtre"]/div[1]/div[7]/angular2-multiselect/div/div[2]/div[3]/ul/span/li'.</msg>
<status status="PASS" starttime="20210826 09:52:34.014" endtime="20210826 09:52:34.924"/>
</kw>
<kw name="Sleep" library="BuiltIn">
<arg>2</arg>
<doc>Pauses the test executed for the given time.</doc>
<msg timestamp="20210826 09:52:36.927" level="INFO">Slept 2 seconds</msg>
<status status="PASS" starttime="20210826 09:52:34.924" endtime="20210826 09:52:36.927"/>
</kw>
<kw name="Click Element" library="SeleniumLibrary">
<arg>${btn_filter}</arg>
<doc>Click the element identified by ``locator``.</doc>
<msg timestamp="20210826 09:52:36.929" level="INFO">Clicking element 'xpath=//*[@id="serchToolButton"]/a[2]'.</msg>
<status status="PASS" starttime="20210826 09:52:36.928" endtime="20210826 09:52:37.743"/>
</kw>
<kw name="Sleep" library="BuiltIn">
<arg>2</arg>
<doc>Pauses the test executed for the given time.</doc>
<msg timestamp="20210826 09:52:39.745" level="INFO">Slept 2 seconds</msg>
<status status="PASS" starttime="20210826 09:52:37.743" endtime="20210826 09:52:39.745"/>
</kw>
<kw name="Run Keyword And Return Status" library="BuiltIn">
<var>${present}</var>
<arg>Element Should Be Visible</arg>
<arg>${first_alarme_in_the_list}</arg>
<doc>Runs the given keyword with given arguments and returns the status as a Boolean value.</doc>
<kw name="Element Should Be Visible" library="SeleniumLibrary">
<arg>${first_alarme_in_the_list}</arg>
<doc>Verifies that the element identified by ``locator`` is visible.</doc>
<msg timestamp="20210826 09:52:40.458" level="INFO">Element 'xpath=//*[@id="table-alarm"]/tbody/tr[1]/td[3]' is displayed.</msg>
<status status="PASS" starttime="20210826 09:52:39.746" endtime="20210826 09:52:40.458"/>
</kw>
<msg timestamp="20210826 09:52:40.459" level="INFO">${present} = True</msg>
<status status="PASS" starttime="20210826 09:52:39.746" endtime="20210826 09:52:40.459"/>
</kw>
<kw name="Log" library="BuiltIn">
<arg>${present}</arg>
<doc>Logs the given message with the given level.</doc>
<msg timestamp="20210826 09:52:40.460" level="INFO">True</msg>
<status status="PASS" starttime="20210826 09:52:40.459" endtime="20210826 09:52:40.460"/>
</kw>
<kw name="Run Keyword If" library="BuiltIn">
<arg>${present}</arg>
<arg>Click Element</arg>
<arg>xpath=//*[@id=\"table-alarm\"]/tbody/tr[1]/td[2]</arg>
<arg>ELSE</arg>
<arg>Click Element</arg>
<arg>${btn_reset}</arg>
<doc>Runs the given keyword with the given arguments, if ``condition`` is true.</doc>
<kw name="Click Element" library="SeleniumLibrary">
<arg>xpath=//*[@id=\"table-alarm\"]/tbody/tr[1]/td[2]</arg>
<doc>Click the element identified by ``locator``.</doc>
<msg timestamp="20210826 09:52:40.462" level="INFO">Clicking element 'xpath=//*[@id="table-alarm"]/tbody/tr[1]/td[2]'.</msg>
<status status="PASS" starttime="20210826 09:52:40.462" endtime="20210826 09:52:41.381"/>
</kw>
<status status="PASS" starttime="20210826 09:52:40.460" endtime="20210826 09:52:41.382"/>
</kw>
<kw name="Sleep" library="BuiltIn">
<arg>2</arg>
<doc>Pauses the test executed for the given time.</doc>
<msg timestamp="20210826 09:52:43.383" level="INFO">Slept 2 seconds</msg>
<status status="PASS" starttime="20210826 09:52:41.382" endtime="20210826 09:52:43.383"/>
</kw>
<kw name="Page Should Contain Element" library="SeleniumLibrary">
<arg>xpath=/html/body/jhi-main/div[2]/div/div/jhi-alarm/div/div/div/div[1]/jhi-alarms-header/div[2]/div/form/div/div[2]</arg>
<doc>Verifies that element ``locator`` is found on the current page.</doc>
<msg timestamp="20210826 09:52:43.757" level="INFO">Current page contains element 'xpath=/html/body/jhi-main/div[2]/div/div/jhi-alarm/div/div/div/div[1]/jhi-alarms-header/div[2]/div/form/div/div[2]'.</msg>
<status status="PASS" starttime="20210826 09:52:43.384" endtime="20210826 09:52:43.757"/>
</kw>
<kw name="Page Should Contain Element" library="SeleniumLibrary">
<arg>xpath=/html/body/jhi-main/div[2]/div/div/jhi-alarm/div/div/div/div[1]/jhi-alarms-header/div[2]/div/form/div/div[3]</arg>
<doc>Verifies that element ``locator`` is found on the current page.</doc>
<msg timestamp="20210826 09:52:44.091" level="INFO">Current page contains element 'xpath=/html/body/jhi-main/div[2]/div/div/jhi-alarm/div/div/div/div[1]/jhi-alarms-header/div[2]/div/form/div/div[3]'.</msg>
<status status="PASS" starttime="20210826 09:52:43.758" endtime="20210826 09:52:44.091"/>
</kw>
<kw name="Click Element" library="SeleniumLibrary">
<arg>${btn_reset}</arg>
<doc>Click the element identified by ``locator``.</doc>
<msg timestamp="20210826 09:52:44.093" level="INFO">Clicking element 'xpath=//*[@id="serchToolButton"]/a[1]'.</msg>
<status status="PASS" starttime="20210826 09:52:44.092" endtime="20210826 09:52:45.012"/>
</kw>
<kw name="Sleep" library="BuiltIn">
<arg>2</arg>
<doc>Pauses the test executed for the given time.</doc>
<msg timestamp="20210826 09:52:47.015" level="INFO">Slept 2 seconds</msg>
<status status="PASS" starttime="20210826 09:52:45.013" endtime="20210826 09:52:47.015"/>
</kw>
<status status="PASS" starttime="20210826 09:52:29.080" endtime="20210826 09:52:47.015"/>
</iter>
<iter>
<var name="${Item}">INV</var>
<kw name="Click Element" library="SeleniumLibrary">
<arg>${flt_statutAlarme}</arg>
<doc>Click the element identified by ``locator``.</doc>
<msg timestamp="20210826 09:52:47.018" level="INFO">Clicking element '//*[@id="filtre"]/div[1]/div[7]/angular2-multiselect/div/div[1]/div/span[1]'.</msg>
<status status="PASS" starttime="20210826 09:52:47.017" endtime="20210826 09:52:47.896"/>
</kw>
<kw name="Run Keyword If" library="BuiltIn">
<arg>'${Item}'=='${Item}'</arg>
<arg>Input Text</arg>
<arg>xpath=(//input[@type='text'])[3]</arg>
<arg>${Item}</arg>
<arg>ELSE</arg>
<arg>Continue For Loop</arg>
<doc>Runs the given keyword with the given arguments, if ``condition`` is true.</doc>
<kw name="Input Text" library="SeleniumLibrary">
<arg>xpath=(//input[@type='text'])[3]</arg>
<arg>${Item}</arg>
<doc>Types the given ``text`` into the text field identified by ``locator``.</doc>
<msg timestamp="20210826 09:52:47.899" level="INFO">Typing text 'INV' into text field 'xpath=(//input[@type='text'])[3]'.</msg>
<status status="PASS" starttime="20210826 09:52:47.898" endtime="20210826 09:52:49.153"/>
</kw>
<status status="PASS" starttime="20210826 09:52:47.897" endtime="20210826 09:52:49.153"/>
</kw>
<kw name="Sleep" library="BuiltIn">
<arg>2</arg>
<doc>Pauses the test executed for the given time.</doc>
<msg timestamp="20210826 09:52:51.155" level="INFO">Slept 2 seconds</msg>
<status status="PASS" starttime="20210826 09:52:49.154" endtime="20210826 09:52:51.155"/>
</kw>
<kw name="Click Element" library="SeleniumLibrary">
<arg>${check_statutAlarme}</arg>
<doc>Click the element identified by ``locator``.</doc>
<msg timestamp="20210826 09:52:51.156" level="INFO">Clicking element 'xpath=//*[@id="filtre"]/div[1]/div[7]/angular2-multiselect/div/div[2]/div[3]/ul/span/li'.</msg>
<status status="PASS" starttime="20210826 09:52:51.155" endtime="20210826 09:52:52.042"/>
</kw>
<kw name="Sleep" library="BuiltIn">
<arg>2</arg>
<doc>Pauses the test executed for the given time.</doc>
<msg timestamp="20210826 09:52:54.043" level="INFO">Slept 2 seconds</msg>
<status status="PASS" starttime="20210826 09:52:52.043" endtime="20210826 09:52:54.043"/>
</kw>
<kw name="Click Element" library="SeleniumLibrary">
<arg>${btn_filter}</arg>
<doc>Click the element identified by ``locator``.</doc>
<msg timestamp="20210826 09:52:54.045" level="INFO">Clicking element 'xpath=//*[@id="serchToolButton"]/a[2]'.</msg>
<status status="PASS" starttime="20210826 09:52:54.044" endtime="20210826 09:52:54.873"/>
</kw>
<kw name="Sleep" library="BuiltIn">
<arg>2</arg>
<doc>Pauses the test executed for the given time.</doc>
<msg timestamp="20210826 09:52:56.875" level="INFO">Slept 2 seconds</msg>
<status status="PASS" starttime="20210826 09:52:54.873" endtime="20210826 09:52:56.875"/>
</kw>
<kw name="Run Keyword And Return Status" library="BuiltIn">
<var>${present}</var>
<arg>Element Should Be Visible</arg>
<arg>${first_alarme_in_the_list}</arg>
<doc>Runs the given keyword with given arguments and returns the status as a Boolean value.</doc>
<kw name="Element Should Be Visible" library="SeleniumLibrary">
<arg>${first_alarme_in_the_list}</arg>
<doc>Verifies that the element identified by ``locator`` is visible.</doc>
<msg timestamp="20210826 09:52:57.551" level="INFO">Element 'xpath=//*[@id="table-alarm"]/tbody/tr[1]/td[3]' is displayed.</msg>
<status status="PASS" starttime="20210826 09:52:56.876" endtime="20210826 09:52:57.551"/>
</kw>
<msg timestamp="20210826 09:52:57.551" level="INFO">${present} = True</msg>
<status status="PASS" starttime="20210826 09:52:56.876" endtime="20210826 09:52:57.552"/>
</kw>
<kw name="Log" library="BuiltIn">
<arg>${present}</arg>
<doc>Logs the given message with the given level.</doc>
<msg timestamp="20210826 09:52:57.553" level="INFO">True</msg>
<status status="PASS" starttime="20210826 09:52:57.552" endtime="20210826 09:52:57.553"/>
</kw>
<kw name="Run Keyword If" library="BuiltIn">
<arg>${present}</arg>
<arg>Click Element</arg>
<arg>xpath=//*[@id=\"table-alarm\"]/tbody/tr[1]/td[2]</arg>
<arg>ELSE</arg>
<arg>Click Element</arg>
<arg>${btn_reset}</arg>
<doc>Runs the given keyword with the given arguments, if ``condition`` is true.</doc>
<kw name="Click Element" library="SeleniumLibrary">
<arg>xpath=//*[@id=\"table-alarm\"]/tbody/tr[1]/td[2]</arg>
<doc>Click the element identified by ``locator``.</doc>
<msg timestamp="20210826 09:52:57.555" level="INFO">Clicking element 'xpath=//*[@id="table-alarm"]/tbody/tr[1]/td[2]'.</msg>
<status status="PASS" starttime="20210826 09:52:57.554" endtime="20210826 09:52:58.501"/>
</kw>
<status status="PASS" starttime="20210826 09:52:57.553" endtime="20210826 09:52:58.501"/>
</kw>
<kw name="Sleep" library="BuiltIn">
<arg>2</arg>
<doc>Pauses the test executed for the given time.</doc>
<msg timestamp="20210826 09:53:00.505" level="INFO">Slept 2 seconds</msg>
<status status="PASS" starttime="20210826 09:52:58.502" endtime="20210826 09:53:00.505"/>
</kw>
<kw name="Page Should Contain Element" library="SeleniumLibrary">
<arg>xpath=/html/body/jhi-main/div[2]/div/div/jhi-alarm/div/div/div/div[1]/jhi-alarms-header/div[2]/div/form/div/div[2]</arg>
<doc>Verifies that element ``locator`` is found on the current page.</doc>
<msg timestamp="20210826 09:53:00.841" level="INFO">Current page contains element 'xpath=/html/body/jhi-main/div[2]/div/div/jhi-alarm/div/div/div/div[1]/jhi-alarms-header/div[2]/div/form/div/div[2]'.</msg>
<status status="PASS" starttime="20210826 09:53:00.506" endtime="20210826 09:53:00.841"/>
</kw>
<kw name="Page Should Contain Element" library="SeleniumLibrary">
<arg>xpath=/html/body/jhi-main/div[2]/div/div/jhi-alarm/div/div/div/div[1]/jhi-alarms-header/div[2]/div/form/div/div[3]</arg>
<doc>Verifies that element ``locator`` is found on the current page.</doc>
<msg timestamp="20210826 09:53:01.177" level="INFO">Current page contains element 'xpath=/html/body/jhi-main/div[2]/div/div/jhi-alarm/div/div/div/div[1]/jhi-alarms-header/div[2]/div/form/div/div[3]'.</msg>
<status status="PASS" starttime="20210826 09:53:00.842" endtime="20210826 09:53:01.178"/>
</kw>
<kw name="Click Element" library="SeleniumLibrary">
<arg>${btn_reset}</arg>
<doc>Click the element identified by ``locator``.</doc>
<msg timestamp="20210826 09:53:01.179" level="INFO">Clicking element 'xpath=//*[@id="serchToolButton"]/a[1]'.</msg>
<status status="PASS" starttime="20210826 09:53:01.178" endtime="20210826 09:53:02.129"/>
</kw>
<kw name="Sleep" library="BuiltIn">
<arg>2</arg>
<doc>Pauses the test executed for the given time.</doc>
<msg timestamp="20210826 09:53:04.131" level="INFO">Slept 2 seconds</msg>
<status status="PASS" starttime="20210826 09:53:02.129" endtime="20210826 09:53:04.131"/>
</kw>
<status status="PASS" starttime="20210826 09:52:47.016" endtime="20210826 09:53:04.131"/>
</iter>
<iter>
<var name="${Item}">PEN</var>
<kw name="Click Element" library="SeleniumLibrary">
<arg>${flt_statutAlarme}</arg>
<doc>Click the element identified by ``locator``.</doc>
<msg timestamp="20210826 09:53:04.133" level="INFO">Clicking element '//*[@id="filtre"]/div[1]/div[7]/angular2-multiselect/div/div[1]/div/span[1]'.</msg>
<status status="PASS" starttime="20210826 09:53:04.132" endtime="20210826 09:53:04.988"/>
</kw>
<kw name="Run Keyword If" library="BuiltIn">
<arg>'${Item}'=='${Item}'</arg>
<arg>Input Text</arg>
<arg>xpath=(//input[@type='text'])[3]</arg>
<arg>${Item}</arg>
<arg>ELSE</arg>
<arg>Continue For Loop</arg>
<doc>Runs the given keyword with the given arguments, if ``condition`` is true.</doc>
<kw name="Input Text" library="SeleniumLibrary">
<arg>xpath=(//input[@type='text'])[3]</arg>
<arg>${Item}</arg>
<doc>Types the given ``text`` into the text field identified by ``locator``.</doc>
<msg timestamp="20210826 09:53:04.992" level="INFO">Typing text 'PEN' into text field 'xpath=(//input[@type='text'])[3]'.</msg>
<status status="PASS" starttime="20210826 09:53:04.991" endtime="20210826 09:53:06.229"/>
</kw>
<status status="PASS" starttime="20210826 09:53:04.988" endtime="20210826 09:53:06.230"/>
</kw>
<kw name="Sleep" library="BuiltIn">
<arg>2</arg>
<doc>Pauses the test executed for the given time.</doc>
<msg timestamp="20210826 09:53:08.231" level="INFO">Slept 2 seconds</msg>
<status status="PASS" starttime="20210826 09:53:06.230" endtime="20210826 09:53:08.231"/>
</kw>
<kw name="Click Element" library="SeleniumLibrary">
<arg>${check_statutAlarme}</arg>
<doc>Click the element identified by ``locator``.</doc>
<msg timestamp="20210826 09:53:08.233" level="INFO">Clicking element 'xpath=//*[@id="filtre"]/div[1]/div[7]/angular2-multiselect/div/div[2]/div[3]/ul/span/li'.</msg>
<status status="PASS" starttime="20210826 09:53:08.232" endtime="20210826 09:53:09.101"/>
</kw>
<kw name="Sleep" library="BuiltIn">
<arg>2</arg>
<doc>Pauses the test executed for the given time.</doc>
<msg timestamp="20210826 09:53:11.103" level="INFO">Slept 2 seconds</msg>
<status status="PASS" starttime="20210826 09:53:09.102" endtime="20210826 09:53:11.103"/>
</kw>
<kw name="Click Element" library="SeleniumLibrary">
<arg>${btn_filter}</arg>
<doc>Click the element identified by ``locator``.</doc>
<msg timestamp="20210826 09:53:11.105" level="INFO">Clicking element 'xpath=//*[@id="serchToolButton"]/a[2]'.</msg>
<status status="PASS" starttime="20210826 09:53:11.104" endtime="20210826 09:53:11.998"/>
</kw>
<kw name="Sleep" library="BuiltIn">
<arg>2</arg>
<doc>Pauses the test executed for the given time.</doc>
<msg timestamp="20210826 09:53:13.999" level="INFO">Slept 2 seconds</msg>
<status status="PASS" starttime="20210826 09:53:11.998" endtime="20210826 09:53:13.999"/>
</kw>
<kw name="Run Keyword And Return Status" library="BuiltIn">
<var>${present}</var>
<arg>Element Should Be Visible</arg>
<arg>${first_alarme_in_the_list}</arg>
<doc>Runs the given keyword with given arguments and returns the status as a Boolean value.</doc>
<kw name="Element Should Be Visible" library="SeleniumLibrary">
<arg>${first_alarme_in_the_list}</arg>
<doc>Verifies that the element identified by ``locator`` is visible.</doc>
<msg timestamp="20210826 09:53:14.677" level="INFO">Element 'xpath=//*[@id="table-alarm"]/tbody/tr[1]/td[3]' is displayed.</msg>
<status status="PASS" starttime="20210826 09:53:14.000" endtime="20210826 09:53:14.677"/>
</kw>
<msg timestamp="20210826 09:53:14.678" level="INFO">${present} = True</msg>
<status status="PASS" starttime="20210826 09:53:14.000" endtime="20210826 09:53:14.678"/>
</kw>
<kw name="Log" library="BuiltIn">
<arg>${present}</arg>
<doc>Logs the given message with the given level.</doc>
<msg timestamp="20210826 09:53:14.680" level="INFO">True</msg>
<status status="PASS" starttime="20210826 09:53:14.679" endtime="20210826 09:53:14.680"/>
</kw>
<kw name="Run Keyword If" library="BuiltIn">
<arg>${present}</arg>
<arg>Click Element</arg>
<arg>xpath=//*[@id=\"table-alarm\"]/tbody/tr[1]/td[2]</arg>
<arg>ELSE</arg>
<arg>Click Element</arg>
<arg>${btn_reset}</arg>
<doc>Runs the given keyword with the given arguments, if ``condition`` is true.</doc>
<kw name="Click Element" library="SeleniumLibrary">
<arg>xpath=//*[@id=\"table-alarm\"]/tbody/tr[1]/td[2]</arg>
<doc>Click the element identified by ``locator``.</doc>
<msg timestamp="20210826 09:53:14.682" level="INFO">Clicking element 'xpath=//*[@id="table-alarm"]/tbody/tr[1]/td[2]'.</msg>
<status status="PASS" starttime="20210826 09:53:14.682" endtime="20210826 09:53:15.500"/>
</kw>
<status status="PASS" starttime="20210826 09:53:14.681" endtime="20210826 09:53:15.500"/>
</kw>
<kw name="Sleep" library="BuiltIn">
<arg>2</arg>
<doc>Pauses the test executed for the given time.</doc>
<msg timestamp="20210826 09:53:17.503" level="INFO">Slept 2 seconds</msg>
<status status="PASS" starttime="20210826 09:53:15.501" endtime="20210826 09:53:17.503"/>
</kw>
<kw name="Page Should Contain Element" library="SeleniumLibrary">
<arg>xpath=/html/body/jhi-main/div[2]/div/div/jhi-alarm/div/div/div/div[1]/jhi-alarms-header/div[2]/div/form/div/div[2]</arg>
<doc>Verifies that element ``locator`` is found on the current page.</doc>
<msg timestamp="20210826 09:53:17.842" level="INFO">Current page contains element 'xpath=/html/body/jhi-main/div[2]/div/div/jhi-alarm/div/div/div/div[1]/jhi-alarms-header/div[2]/div/form/div/div[2]'.</msg>
<status status="PASS" starttime="20210826 09:53:17.504" endtime="20210826 09:53:17.843"/>
</kw>
<kw name="Page Should Contain Element" library="SeleniumLibrary">
<arg>xpath=/html/body/jhi-main/div[2]/div/div/jhi-alarm/div/div/div/div[1]/jhi-alarms-header/div[2]/div/form/div/div[3]</arg>
<doc>Verifies that element ``locator`` is found on the current page.</doc>
<msg timestamp="20210826 09:53:18.178" level="INFO">Current page contains element 'xpath=/html/body/jhi-main/div[2]/div/div/jhi-alarm/div/div/div/div[1]/jhi-alarms-header/div[2]/div/form/div/div[3]'.</msg>
<status status="PASS" starttime="20210826 09:53:17.843" endtime="20210826 09:53:18.178"/>
</kw>
<kw name="Click Element" library="SeleniumLibrary">
<arg>${btn_reset}</arg>
<doc>Click the element identified by ``locator``.</doc>
<msg timestamp="20210826 09:53:18.179" level="INFO">Clicking element 'xpath=//*[@id="serchToolButton"]/a[1]'.</msg>
<status status="PASS" starttime="20210826 09:53:18.179" endtime="20210826 09:53:19.057"/>
</kw>
<kw name="Sleep" library="BuiltIn">
<arg>2</arg>
<doc>Pauses the test executed for the given time.</doc>
<msg timestamp="20210826 09:53:21.059" level="INFO">Slept 2 seconds</msg>
<status status="PASS" starttime="20210826 09:53:19.057" endtime="20210826 09:53:21.059"/>
</kw>
<status status="PASS" starttime="20210826 09:53:04.131" endtime="20210826 09:53:21.059"/>
</iter>
<iter>
<var name="${Item}">AVL</var>
<kw name="Click Element" library="SeleniumLibrary">
<arg>${flt_statutAlarme}</arg>
<doc>Click the element identified by ``locator``.</doc>
<msg timestamp="20210826 09:53:21.061" level="INFO">Clicking element '//*[@id="filtre"]/div[1]/div[7]/angular2-multiselect/div/div[1]/div/span[1]'.</msg>
<status status="PASS" starttime="20210826 09:53:21.060" endtime="20210826 09:53:21.925"/>
</kw>
<kw name="Run Keyword If" library="BuiltIn">
<arg>'${Item}'=='${Item}'</arg>
<arg>Input Text</arg>
<arg>xpath=(//input[@type='text'])[3]</arg>
<arg>${Item}</arg>
<arg>ELSE</arg>
<arg>Continue For Loop</arg>
<doc>Runs the given keyword with the given arguments, if ``condition`` is true.</doc>
<kw name="Input Text" library="SeleniumLibrary">
<arg>xpath=(//input[@type='text'])[3]</arg>
<arg>${Item}</arg>
<doc>Types the given ``text`` into the text field identified by ``locator``.</doc>
<msg timestamp="20210826 09:53:21.929" level="INFO">Typing text 'AVL' into text field 'xpath=(//input[@type='text'])[3]'.</msg>
<status status="PASS" starttime="20210826 09:53:21.928" endtime="20210826 09:53:23.119"/>
</kw>
<status status="PASS" starttime="20210826 09:53:21.926" endtime="20210826 09:53:23.119"/>
</kw>
<kw name="Sleep" library="BuiltIn">
<arg>2</arg>
<doc>Pauses the test executed for the given time.</doc>
<msg timestamp="20210826 09:53:25.122" level="INFO">Slept 2 seconds</msg>
<status status="PASS" starttime="20210826 09:53:23.120" endtime="20210826 09:53:25.122"/>
</kw>
<kw name="Click Element" library="SeleniumLibrary">
<arg>${check_statutAlarme}</arg>
<doc>Click the element identified by ``locator``.</doc>
<msg timestamp="20210826 09:53:25.124" level="INFO">Clicking element 'xpath=//*[@id="filtre"]/div[1]/div[7]/angular2-multiselect/div/div[2]/div[3]/ul/span/li'.</msg>
<status status="PASS" starttime="20210826 09:53:25.123" endtime="20210826 09:53:26.115"/>
</kw>
<kw name="Sleep" library="BuiltIn">
<arg>2</arg>
<doc>Pauses the test executed for the given time.</doc>
<msg timestamp="20210826 09:53:28.117" level="INFO">Slept 2 seconds</msg>
<status status="PASS" starttime="20210826 09:53:26.116" endtime="20210826 09:53:28.117"/>
</kw>
<kw name="Click Element" library="SeleniumLibrary">
<arg>${btn_filter}</arg>
<doc>Click the element identified by ``locator``.</doc>
<msg timestamp="20210826 09:53:28.119" level="INFO">Clicking element 'xpath=//*[@id="serchToolButton"]/a[2]'.</msg>
<status status="PASS" starttime="20210826 09:53:28.118" endtime="20210826 09:53:28.920"/>
</kw>
<kw name="Sleep" library="BuiltIn">
<arg>2</arg>
<doc>Pauses the test executed for the given time.</doc>
<msg timestamp="20210826 09:53:30.921" level="INFO">Slept 2 seconds</msg>
<status status="PASS" starttime="20210826 09:53:28.920" endtime="20210826 09:53:30.921"/>
</kw>
<kw name="Run Keyword And Return Status" library="BuiltIn">
<var>${present}</var>
<arg>Element Should Be Visible</arg>
<arg>${first_alarme_in_the_list}</arg>
<doc>Runs the given keyword with given arguments and returns the status as a Boolean value.</doc>
<kw name="Element Should Be Visible" library="SeleniumLibrary">
<arg>${first_alarme_in_the_list}</arg>
<doc>Verifies that the element identified by ``locator`` is visible.</doc>
<msg timestamp="20210826 09:53:31.597" level="INFO">Element 'xpath=//*[@id="table-alarm"]/tbody/tr[1]/td[3]' is displayed.</msg>
<status status="PASS" starttime="20210826 09:53:30.923" endtime="20210826 09:53:31.597"/>
</kw>
<msg timestamp="20210826 09:53:31.598" level="INFO">${present} = True</msg>
<status status="PASS" starttime="20210826 09:53:30.922" endtime="20210826 09:53:31.598"/>
</kw>
<kw name="Log" library="BuiltIn">
<arg>${present}</arg>
<doc>Logs the given message with the given level.</doc>
<msg timestamp="20210826 09:53:31.599" level="INFO">True</msg>
<status status="PASS" starttime="20210826 09:53:31.598" endtime="20210826 09:53:31.599"/>
</kw>
<kw name="Run Keyword If" library="BuiltIn">
<arg>${present}</arg>
<arg>Click Element</arg>
<arg>xpath=//*[@id=\"table-alarm\"]/tbody/tr[1]/td[2]</arg>
<arg>ELSE</arg>
<arg>Click Element</arg>
<arg>${btn_reset}</arg>
<doc>Runs the given keyword with the given arguments, if ``condition`` is true.</doc>
<kw name="Click Element" library="SeleniumLibrary">
<arg>xpath=//*[@id=\"table-alarm\"]/tbody/tr[1]/td[2]</arg>
<doc>Click the element identified by ``locator``.</doc>
<msg timestamp="20210826 09:53:31.601" level="INFO">Clicking element 'xpath=//*[@id="table-alarm"]/tbody/tr[1]/td[2]'.</msg>
<status status="PASS" starttime="20210826 09:53:31.601" endtime="20210826 09:53:32.582"/>
</kw>
<status status="PASS" starttime="20210826 09:53:31.600" endtime="20210826 09:53:32.582"/>
</kw>
<kw name="Sleep" library="BuiltIn">
<arg>2</arg>
<doc>Pauses the test executed for the given time.</doc>
<msg timestamp="20210826 09:53:34.584" level="INFO">Slept 2 seconds</msg>
<status status="PASS" starttime="20210826 09:53:32.583" endtime="20210826 09:53:34.584"/>
</kw>
<kw name="Page Should Contain Element" library="SeleniumLibrary">
<arg>xpath=/html/body/jhi-main/div[2]/div/div/jhi-alarm/div/div/div/div[1]/jhi-alarms-header/div[2]/div/form/div/div[2]</arg>
<doc>Verifies that element ``locator`` is found on the current page.</doc>
<msg timestamp="20210826 09:53:34.928" level="INFO">Current page contains element 'xpath=/html/body/jhi-main/div[2]/div/div/jhi-alarm/div/div/div/div[1]/jhi-alarms-header/div[2]/div/form/div/div[2]'.</msg>
<status status="PASS" starttime="20210826 09:53:34.585" endtime="20210826 09:53:34.928"/>
</kw>
<kw name="Page Should Contain Element" library="SeleniumLibrary">
<arg>xpath=/html/body/jhi-main/div[2]/div/div/jhi-alarm/div/div/div/div[1]/jhi-alarms-header/div[2]/div/form/div/div[3]</arg>
<doc>Verifies that element ``locator`` is found on the current page.</doc>
<msg timestamp="20210826 09:53:35.282" level="INFO">Current page contains element 'xpath=/html/body/jhi-main/div[2]/div/div/jhi-alarm/div/div/div/div[1]/jhi-alarms-header/div[2]/div/form/div/div[3]'.</msg>
<status status="PASS" starttime="20210826 09:53:34.929" endtime="20210826 09:53:35.283"/>
</kw>
<kw name="Click Element" library="SeleniumLibrary">
<arg>${btn_reset}</arg>
<doc>Click the element identified by ``locator``.</doc>
<msg timestamp="20210826 09:53:35.284" level="INFO">Clicking element 'xpath=//*[@id="serchToolButton"]/a[1]'.</msg>
<status status="PASS" starttime="20210826 09:53:35.283" endtime="20210826 09:53:36.160"/>
</kw>
<kw name="Sleep" library="BuiltIn">
<arg>2</arg>
<doc>Pauses the test executed for the given time.</doc>
<msg timestamp="20210826 09:53:38.162" level="INFO">Slept 2 seconds</msg>
<status status="PASS" starttime="20210826 09:53:36.161" endtime="20210826 09:53:38.162"/>
</kw>
<status status="PASS" starttime="20210826 09:53:21.060" endtime="20210826 09:53:38.162"/>
</iter>
<status status="PASS" starttime="20210826 09:52:29.080" endtime="20210826 09:53:38.162"/>
</for>
<status status="PASS" starttime="20210826 09:52:29.078" endtime="20210826 09:53:38.163"/>
</kw>
<kw name="End Session" library="common" type="TEARDOWN">
<kw name="Run Keyword If" library="BuiltIn">
<arg>'${TEST_STATUS}'== 'PASS'</arg>
<arg>Execute Javascript</arg>
<arg>sauce:job-result=passed</arg>
<arg>ELSE</arg>
<arg>execute javascript</arg>
<arg>sauce:job-result=failed</arg>
<doc>Runs the given keyword with the given arguments, if ``condition`` is true.</doc>
<kw name="Execute Javascript" library="SeleniumLibrary">
<arg>sauce:job-result=passed</arg>
<doc>Executes the given JavaScript code with possible arguments.</doc>
<msg timestamp="20210826 09:53:38.168" level="INFO">Executing JavaScript:
sauce:job-result=passed
Without any arguments.</msg>
<status status="PASS" starttime="20210826 09:53:38.167" endtime="20210826 09:53:38.501"/>
</kw>
<status status="PASS" starttime="20210826 09:53:38.166" endtime="20210826 09:53:38.502"/>
</kw>
<kw name="Execute Javascript" library="SeleniumLibrary">
<arg>sauce:job-name=${TEST NAME}</arg>
<doc>Executes the given JavaScript code with possible arguments.</doc>
<msg timestamp="20210826 09:53:38.504" level="INFO">Executing JavaScript:
sauce:job-name=02_Affichage des boutons daction de reassignation et dexport
Without any arguments.</msg>
<status status="PASS" starttime="20210826 09:53:38.502" endtime="20210826 09:53:38.825"/>
</kw>
<kw name="Close Browser" library="SeleniumLibrary">
<doc>Closes the current browser.</doc>
<status status="PASS" starttime="20210826 09:53:38.825" endtime="20210826 09:53:39.223"/>
</kw>
<status status="PASS" starttime="20210826 09:53:38.164" endtime="20210826 09:53:39.223"/>
</kw>
<doc>Affichage des boutons daction a lassignation des alarmes</doc>
<tag>TA_02</tag>
<status status="PASS" starttime="20210826 09:52:00.673" endtime="20210826 09:53:39.224"/>
</test>
<test id="s1-s1-t3" name="03_La verification du Workflow_FROM_NEW_TO_INV_NFR_FRD">
<kw name="Set Variable" library="BuiltIn">
<var>${TEST NAME}</var>
<arg>Verification du Workflow depuis la page de liste des alarmes</arg>
<doc>Returns the given values which can then be assigned to a variables.</doc>
<msg timestamp="20210826 09:53:39.230" level="INFO">${TEST NAME} = Verification du Workflow depuis la page de liste des alarmes</msg>
<status status="PASS" starttime="20210826 09:53:39.229" endtime="20210826 09:53:39.230"/>
</kw>
<kw name="Authentification" library="LoginKeyword">
<kw name="Ouvrir le navigateur" library="common">
<arg>${UrlRadar}</arg>
<kw name="Run Keyword If" library="BuiltIn">
<arg>'${ENVIRONMENT}' == 'rec'</arg>
<arg>open browser</arg>
<arg>${UrlRadar.${ENVIRONMENT}}</arg>
<arg>browser=${browserName}</arg>
<arg>remote_url=${remote_url}</arg>
<arg>desired_capabilities=${capabilities}</arg>
<arg>ELSE</arg>
<arg>open browser</arg>
<arg>${Url_Preprod.${ENVIRONMENT}}</arg>
<arg>browser=${browserName}</arg>
<arg>remote_url=${remote_url}</arg>
<arg>desired_capabilities=${capabilities}</arg>
<doc>Runs the given keyword with the given arguments, if ``condition`` is true.</doc>
<kw name="Open Browser" library="SeleniumLibrary">
<arg>${UrlRadar.${ENVIRONMENT}}</arg>
<arg>browser=${browserName}</arg>
<arg>remote_url=${remote_url}</arg>
<arg>desired_capabilities=${capabilities}</arg>
<doc>Opens a new browser instance to the optional ``url``.</doc>
<msg timestamp="20210826 09:53:39.246" level="INFO">Opening browser 'chrome' to base url 'http://rec-radar.orange-sonatel.com:8080' through remote server at 'https://kouna:6f718376-d013-4617-802c-f78d020ca2cb@ondemand.eu-central-1.saucelabs.com:443/wd/hub'.</msg>
<status status="PASS" starttime="20210826 09:53:39.234" endtime="20210826 09:53:48.802"/>
</kw>
<status status="PASS" starttime="20210826 09:53:39.233" endtime="20210826 09:53:48.802"/>
</kw>
<kw name="Maximize Browser Window" library="SeleniumLibrary">
<doc>Maximizes current browser window.</doc>
<status status="PASS" starttime="20210826 09:53:48.803" endtime="20210826 09:53:49.132"/>
</kw>
<status status="PASS" starttime="20210826 09:53:39.232" endtime="20210826 09:53:49.133"/>
</kw>
<kw name="Entrer le username" library="LoginKeyword">
<arg>${user}</arg>
<kw name="Wait Until Element Is Visible" library="SeleniumLibrary">
<arg>${txt_username}</arg>
<arg>30</arg>
<doc>Waits until the element ``locator`` is visible.</doc>
<status status="PASS" starttime="20210826 09:53:49.134" endtime="20210826 09:53:49.822"/>
</kw>
<kw name="Input Text" library="SeleniumLibrary">
<arg>${txt_username}</arg>
<arg>${username}</arg>
<doc>Types the given ``text`` into the text field identified by ``locator``.</doc>
<msg timestamp="20210826 09:53:49.823" level="INFO">Typing text 'admin' into text field 'id:username'.</msg>
<status status="PASS" starttime="20210826 09:53:49.822" endtime="20210826 09:53:51.115"/>
</kw>
<status status="PASS" starttime="20210826 09:53:49.133" endtime="20210826 09:53:51.116"/>
</kw>
<kw name="Entrer le password" library="LoginKeyword">
<arg>${pwd}</arg>
<kw name="Wait Until Element Is Visible" library="SeleniumLibrary">
<arg>${txt_password}</arg>
<arg>5</arg>
<doc>Waits until the element ``locator`` is visible.</doc>
<status status="PASS" starttime="20210826 09:53:51.118" endtime="20210826 09:53:51.800"/>
</kw>
<kw name="Input Text" library="SeleniumLibrary">
<arg>${txt_password}</arg>
<arg>${password}</arg>
<doc>Types the given ``text`` into the text field identified by ``locator``.</doc>
<msg timestamp="20210826 09:53:51.801" level="INFO">Typing text 'admin' into text field 'id=password'.</msg>
<status status="PASS" starttime="20210826 09:53:51.800" endtime="20210826 09:53:53.055"/>
</kw>
<status status="PASS" starttime="20210826 09:53:51.116" endtime="20210826 09:53:53.055"/>
</kw>
<kw name="Clic sur le bouton Connexion" library="LoginKeyword">
<kw name="Click Button" library="SeleniumLibrary">
<arg>${btn_connexion}</arg>
<doc>Clicks the button identified by ``locator``.</doc>
<msg timestamp="20210826 09:53:53.057" level="INFO">Clicking button 'id:kc-login'.</msg>
<status status="PASS" starttime="20210826 09:53:53.057" endtime="20210826 09:53:57.103"/>
</kw>
<status status="PASS" starttime="20210826 09:53:53.056" endtime="20210826 09:53:57.104"/>
</kw>
<kw name="Sleep" library="BuiltIn">
<arg>2</arg>
<doc>Pauses the test executed for the given time.</doc>
<msg timestamp="20210826 09:53:59.105" level="INFO">Slept 2 seconds</msg>
<status status="PASS" starttime="20210826 09:53:57.105" endtime="20210826 09:53:59.105"/>
</kw>
<kw name="Verifier le titre de la page" library="LoginKeyword">
<kw name="Title Should Be" library="SeleniumLibrary">
<arg>Fraud Management System</arg>
<doc>Verifies that the current page title equals ``title``.</doc>
<msg timestamp="20210826 09:53:59.424" level="INFO">Page title is 'Fraud Management System'.</msg>
<status status="PASS" starttime="20210826 09:53:59.107" endtime="20210826 09:53:59.425"/>
</kw>
<status status="PASS" starttime="20210826 09:53:59.106" endtime="20210826 09:53:59.425"/>
</kw>
<status status="PASS" starttime="20210826 09:53:39.231" endtime="20210826 09:53:59.426"/>
</kw>
<kw name="VERIF_WORKFLOW_FROM_NEW_TO_INV_NFR_FRD" library="AlarmesKeyword">
<kw name="Click Element" library="SeleniumLibrary">
<arg>xpath= //*[@id="alarmsNavBarDropdown"]/span/span</arg>
<doc>Click the element identified by ``locator``.</doc>
<msg timestamp="20210826 09:53:59.429" level="INFO">Clicking element 'xpath= //*[@id="alarmsNavBarDropdown"]/span/span'.</msg>
<status status="PASS" starttime="20210826 09:53:59.428" endtime="20210826 09:54:00.276"/>
</kw>
<kw name="Click Element" library="SeleniumLibrary">
<arg>xpath= //*[@id="orange-navbar-collapse"]/ul/li[4]/ul/li[1]/a/span/span</arg>
<doc>Click the element identified by ``locator``.</doc>
<msg timestamp="20210826 09:54:00.278" level="INFO">Clicking element 'xpath= //*[@id="orange-navbar-collapse"]/ul/li[4]/ul/li[1]/a/span/span'.</msg>
<status status="PASS" starttime="20210826 09:54:00.277" endtime="20210826 09:54:01.355"/>
</kw>
<kw name="Sleep" library="BuiltIn">
<arg>2</arg>
<doc>Pauses the test executed for the given time.</doc>
<msg timestamp="20210826 09:54:03.356" level="INFO">Slept 2 seconds</msg>
<status status="PASS" starttime="20210826 09:54:01.356" endtime="20210826 09:54:03.356"/>
</kw>
<kw name="Click Element" library="SeleniumLibrary">
<arg>xpath= //*[@id="filtre"]/div[1]/div[7]/angular2-multiselect/div/div[1]/div/span[1]</arg>
<doc>Click the element identified by ``locator``.</doc>
<msg timestamp="20210826 09:54:03.357" level="INFO">Clicking element 'xpath= //*[@id="filtre"]/div[1]/div[7]/angular2-multiselect/div/div[1]/div/span[1]'.</msg>
<status status="PASS" starttime="20210826 09:54:03.357" endtime="20210826 09:54:04.250"/>
</kw>
<kw name="Sleep" library="BuiltIn">
<arg>2</arg>
<doc>Pauses the test executed for the given time.</doc>
<msg timestamp="20210826 09:54:06.251" level="INFO">Slept 2 seconds</msg>
<status status="PASS" starttime="20210826 09:54:04.250" endtime="20210826 09:54:06.251"/>
</kw>
<kw name="Input Text" library="SeleniumLibrary">
<arg>xpath=//*[@id="filtre"]/div[1]/div[7]/angular2-multiselect/div/div[2]/div[3]/div[2]/input</arg>
<arg>new</arg>
<doc>Types the given ``text`` into the text field identified by ``locator``.</doc>
<msg timestamp="20210826 09:54:06.252" level="INFO">Typing text 'new' into text field 'xpath=//*[@id="filtre"]/div[1]/div[7]/angular2-multiselect/div/div[2]/div[3]/div[2]/input'.</msg>
<status status="PASS" starttime="20210826 09:54:06.252" endtime="20210826 09:54:07.551"/>
</kw>
<kw name="Click Element" library="SeleniumLibrary">
<arg>xpath = //*[@id="filtre"]/div[1]/div[7]/angular2-multiselect/div/div[2]/div[3]/ul/span/li</arg>
<doc>Click the element identified by ``locator``.</doc>
<msg timestamp="20210826 09:54:07.554" level="INFO">Clicking element 'xpath = //*[@id="filtre"]/div[1]/div[7]/angular2-multiselect/div/div[2]/div[3]/ul/span/li'.</msg>
<status status="PASS" starttime="20210826 09:54:07.553" endtime="20210826 09:54:08.389"/>
</kw>
<kw name="Sleep" library="BuiltIn">
<arg>3</arg>
<doc>Pauses the test executed for the given time.</doc>
<msg timestamp="20210826 09:54:11.391" level="INFO">Slept 3 seconds</msg>
<status status="PASS" starttime="20210826 09:54:08.390" endtime="20210826 09:54:11.391"/>
</kw>
<kw name="Click Element" library="SeleniumLibrary">
<arg>${btn_filter}</arg>
<doc>Click the element identified by ``locator``.</doc>
<msg timestamp="20210826 09:54:11.393" level="INFO">Clicking element 'xpath=//*[@id="serchToolButton"]/a[2]'.</msg>
<status status="PASS" starttime="20210826 09:54:11.392" endtime="20210826 09:54:12.293"/>
</kw>
<kw name="Sleep" library="BuiltIn">
<arg>2</arg>
<doc>Pauses the test executed for the given time.</doc>
<msg timestamp="20210826 09:54:14.294" level="INFO">Slept 2 seconds</msg>
<status status="PASS" starttime="20210826 09:54:12.294" endtime="20210826 09:54:14.294"/>
</kw>
<kw name="Run Keyword And Return Status" library="BuiltIn">
<var>${present}</var>
<arg>Element Should Be Visible</arg>
<arg>xpath = //*[@id="table-alarm"]/tbody/tr[1]/td[2]</arg>
<doc>Runs the given keyword with given arguments and returns the status as a Boolean value.</doc>
<kw name="Element Should Be Visible" library="SeleniumLibrary">
<arg>xpath = //*[@id="table-alarm"]/tbody/tr[1]/td[2]</arg>
<doc>Verifies that the element identified by ``locator`` is visible.</doc>
<msg timestamp="20210826 09:54:14.994" level="INFO">Element 'xpath = //*[@id="table-alarm"]/tbody/tr[1]/td[2]' is displayed.</msg>
<status status="PASS" starttime="20210826 09:54:14.296" endtime="20210826 09:54:14.995"/>
</kw>
<msg timestamp="20210826 09:54:14.995" level="INFO">${present} = True</msg>
<status status="PASS" starttime="20210826 09:54:14.295" endtime="20210826 09:54:14.995"/>
</kw>
<kw name="Log" library="BuiltIn">
<arg>${present}</arg>
<doc>Logs the given message with the given level.</doc>
<msg timestamp="20210826 09:54:14.997" level="INFO">True</msg>
<status status="PASS" starttime="20210826 09:54:14.996" endtime="20210826 09:54:14.997"/>
</kw>
<kw name="Sleep" library="BuiltIn">
<arg>2</arg>
<doc>Pauses the test executed for the given time.</doc>
<msg timestamp="20210826 09:54:17.000" level="INFO">Slept 2 seconds</msg>
<status status="PASS" starttime="20210826 09:54:14.998" endtime="20210826 09:54:17.000"/>
</kw>
<kw name="Run Keyword If" library="BuiltIn">
<arg>${present}</arg>
<arg>VERIF_WORKFLOW_FROM_NEW_TO_INV</arg>
<doc>Runs the given keyword with the given arguments, if ``condition`` is true.</doc>
<kw name="VERIF_WORKFLOW_FROM_NEW_TO_INV" library="AlarmesKeyword">
<kw name="Click Element" library="SeleniumLibrary">
<arg>${first_alarme_in_the_list}</arg>
<doc>Click the element identified by ``locator``.</doc>
<msg timestamp="20210826 09:54:17.004" level="INFO">Clicking element 'xpath=//*[@id="table-alarm"]/tbody/tr[1]/td[3]'.</msg>
<status status="PASS" starttime="20210826 09:54:17.003" endtime="20210826 09:54:17.937"/>
</kw>
<kw name="Sleep" library="BuiltIn">
<arg>2</arg>
<doc>Pauses the test executed for the given time.</doc>
<msg timestamp="20210826 09:54:19.939" level="INFO">Slept 2 seconds</msg>
<status status="PASS" starttime="20210826 09:54:17.938" endtime="20210826 09:54:19.939"/>
</kw>
<kw name="Wait Until Element Is Visible" library="SeleniumLibrary">
<arg>//*[@id="assigned-to"]</arg>
<doc>Waits until the element ``locator`` is visible.</doc>
<status status="PASS" starttime="20210826 09:54:19.940" endtime="20210826 09:54:20.622"/>
</kw>
<kw name="Wait Until Element Is Visible" library="SeleniumLibrary">
<arg>//*[@id="dropdownManual"]</arg>
<arg>timeout=30</arg>
<doc>Waits until the element ``locator`` is visible.</doc>
<status status="PASS" starttime="20210826 09:54:20.623" endtime="20210826 09:54:22.949"/>
</kw>
<kw name="Scroller vers le bas" library="common">
<kw name="Execute Javascript" library="SeleniumLibrary">
<arg>window.scrollTo(1239,4777)</arg>
<doc>Executes the given JavaScript code with possible arguments.</doc>
<msg timestamp="20210826 09:54:22.954" level="INFO">Executing JavaScript:
window.scrollTo(1239,4777)
Without any arguments.</msg>
<status status="PASS" starttime="20210826 09:54:22.952" endtime="20210826 09:54:23.369"/>
</kw>
<kw name="Sleep" library="BuiltIn">
<arg>2</arg>
<doc>Pauses the test executed for the given time.</doc>
<msg timestamp="20210826 09:54:25.370" level="INFO">Slept 2 seconds</msg>
<status status="PASS" starttime="20210826 09:54:23.369" endtime="20210826 09:54:25.370"/>
</kw>
<kw name="Execute Javascript" library="SeleniumLibrary">
<arg>window.scrollTo(1239,4777)</arg>
<doc>Executes the given JavaScript code with possible arguments.</doc>
<msg timestamp="20210826 09:54:25.372" level="INFO">Executing JavaScript:
window.scrollTo(1239,4777)
Without any arguments.</msg>
<status status="PASS" starttime="20210826 09:54:25.371" endtime="20210826 09:54:25.779"/>
</kw>
<kw name="Sleep" library="BuiltIn">
<arg>2</arg>
<doc>Pauses the test executed for the given time.</doc>
<msg timestamp="20210826 09:54:27.781" level="INFO">Slept 2 seconds</msg>
<status status="PASS" starttime="20210826 09:54:25.779" endtime="20210826 09:54:27.781"/>
</kw>
<status status="PASS" starttime="20210826 09:54:22.950" endtime="20210826 09:54:27.782"/>
</kw>
<kw name="Click Element" library="SeleniumLibrary">
<arg>${precedent}</arg>
<doc>Click the element identified by ``locator``.</doc>
<msg timestamp="20210826 09:54:27.783" level="INFO">Clicking element 'xpath =/html/body/jhi-main/div[2]/div/div/jhi-alarm-detail/div[3]/div[1]/div[2]/div/a/span/span'.</msg>
<status status="PASS" starttime="20210826 09:54:27.782" endtime="20210826 09:54:28.669"/>
</kw>
<kw name="Sleep" library="BuiltIn">
<arg>5</arg>
<doc>Pauses the test executed for the given time.</doc>
<msg timestamp="20210826 09:54:33.671" level="INFO">Slept 5 seconds</msg>
<status status="PASS" starttime="20210826 09:54:28.670" endtime="20210826 09:54:33.671"/>
</kw>
<status status="PASS" starttime="20210826 09:54:17.002" endtime="20210826 09:54:33.672"/>
</kw>
<status status="PASS" starttime="20210826 09:54:17.001" endtime="20210826 09:54:33.672"/>
</kw>
<kw name="VERIF_WORKFLOW_FROM_NEW_TO_NFR_FRD" library="AlarmesKeyword">
<kw name="Clic sur la case a cocher d une alarme" library="AlarmesKeyword">
<kw name="Wait Until Element Is Visible" library="SeleniumLibrary">
<arg>${checked_first_alarme_in_the_list}</arg>
<arg>60</arg>
<doc>Waits until the element ``locator`` is visible.</doc>
<status status="PASS" starttime="20210826 09:54:33.674" endtime="20210826 09:54:34.367"/>
</kw>
<kw name="Click Element" library="SeleniumLibrary">
<arg>${checked_first_alarme_in_the_list}</arg>
<doc>Click the element identified by ``locator``.</doc>
<msg timestamp="20210826 09:54:34.369" level="INFO">Clicking element 'xpath=//*[@id="table-alarm"]/tbody/tr[1]/td[2]'.</msg>
<status status="PASS" starttime="20210826 09:54:34.368" endtime="20210826 09:54:35.243"/>
</kw>
<status status="PASS" starttime="20210826 09:54:33.674" endtime="20210826 09:54:35.244"/>
</kw>
<kw name="Wait Until Element Is Visible" library="SeleniumLibrary">
<arg>${btn_cloturer}</arg>
<arg>30</arg>
<doc>Waits until the element ``locator`` is visible.</doc>
<status status="PASS" starttime="20210826 09:54:35.244" endtime="20210826 09:54:35.920"/>
</kw>
<kw name="Click Element" library="SeleniumLibrary">
<arg>${btn_cloturer}</arg>
<doc>Click the element identified by ``locator``.</doc>
<msg timestamp="20210826 09:54:35.921" level="INFO">Clicking element 'xpath = /html/body/jhi-main/div[2]/div/div/jhi-alarm/div/div/div/div[1]/jhi-alarms-header/div[2]/div/form/div/div[3]/div/button/span'.</msg>
<status status="PASS" starttime="20210826 09:54:35.920" endtime="20210826 09:54:36.799"/>
</kw>
<kw name="Sleep" library="BuiltIn">
<arg>2</arg>
<doc>Pauses the test executed for the given time.</doc>
<msg timestamp="20210826 09:54:38.803" level="INFO">Slept 2 seconds</msg>
<status status="PASS" starttime="20210826 09:54:36.800" endtime="20210826 09:54:38.803"/>
</kw>
<kw name="Set Variable" library="BuiltIn">
<var>${comment}</var>
<arg>DE_NEW_A_NFR</arg>
<doc>Returns the given values which can then be assigned to a variables.</doc>
<msg timestamp="20210826 09:54:38.805" level="INFO">${comment} = DE_NEW_A_NFR</msg>
<status status="PASS" starttime="20210826 09:54:38.804" endtime="20210826 09:54:38.805"/>
</kw>
<kw name="Log" library="BuiltIn">
<arg>${comment}</arg>
<doc>Logs the given message with the given level.</doc>
<msg timestamp="20210826 09:54:38.806" level="INFO">DE_NEW_A_NFR</msg>
<status status="PASS" starttime="20210826 09:54:38.805" endtime="20210826 09:54:38.806"/>
</kw>
<kw name="Input Text" library="SeleniumLibrary">
<arg>name:comment</arg>
<arg>${comment}</arg>
<doc>Types the given ``text`` into the text field identified by ``locator``.</doc>
<msg timestamp="20210826 09:54:38.807" level="INFO">Typing text 'DE_NEW_A_NFR' into text field 'name:comment'.</msg>
<status status="PASS" starttime="20210826 09:54:38.807" endtime="20210826 09:54:40.105"/>
</kw>
<kw name="Sleep" library="BuiltIn">
<arg>2</arg>
<doc>Pauses the test executed for the given time.</doc>
<msg timestamp="20210826 09:54:42.108" level="INFO">Slept 2 seconds</msg>
<status status="PASS" starttime="20210826 09:54:40.106" endtime="20210826 09:54:42.108"/>
</kw>
<kw name="Click Element" library="SeleniumLibrary">
<arg>${btn_noFraud}</arg>
<doc>Click the element identified by ``locator``.</doc>
<msg timestamp="20210826 09:54:42.110" level="INFO">Clicking element 'xpath = /html/body/ngb-modal-window/div/div/jhi-alarm-popup/form/div[3]/button[3]/span[2]/span'.</msg>
<status status="PASS" starttime="20210826 09:54:42.109" endtime="20210826 09:54:42.915"/>
</kw>
<kw name="Sleep" library="BuiltIn">
<arg>4</arg>
<doc>Pauses the test executed for the given time.</doc>
<msg timestamp="20210826 09:54:46.917" level="INFO">Slept 4 seconds</msg>
<status status="PASS" starttime="20210826 09:54:42.916" endtime="20210826 09:54:46.917"/>
</kw>
<kw name="Click Element" library="SeleniumLibrary">
<arg>${sous_menu_closedAlarms}</arg>
<doc>Click the element identified by ``locator``.</doc>
<msg timestamp="20210826 09:54:46.919" level="INFO">Clicking element 'xpath=//*[@id="closedAlarms"]/a/span'.</msg>
<status status="PASS" starttime="20210826 09:54:46.918" endtime="20210826 09:54:47.857"/>
</kw>
<kw name="Sleep" library="BuiltIn">
<arg>6</arg>
<doc>Pauses the test executed for the given time.</doc>
<msg timestamp="20210826 09:54:53.859" level="INFO">Slept 6 seconds</msg>
<status status="PASS" starttime="20210826 09:54:47.858" endtime="20210826 09:54:53.859"/>
</kw>
<kw name="Mouse Over" library="SeleniumLibrary">
<arg>${survoler_statutAlarme}</arg>
<doc>Simulates hovering the mouse over the element ``locator``.</doc>
<msg timestamp="20210826 09:54:53.861" level="INFO">Simulating Mouse Over on element 'xpath = //*[@id="table-alarm"]/tbody/tr[1]/td[11]/div[1]'.</msg>
<status status="PASS" starttime="20210826 09:54:53.860" endtime="20210826 09:54:54.582"/>
</kw>
<kw name="Sleep" library="BuiltIn">
<arg>5</arg>
<doc>Pauses the test executed for the given time.</doc>
<msg timestamp="20210826 09:54:59.584" level="INFO">Slept 5 seconds</msg>
<status status="PASS" starttime="20210826 09:54:54.583" endtime="20210826 09:54:59.584"/>
</kw>
<kw name="Get Text" library="SeleniumLibrary">
<var>${VerifComment}</var>
<arg>//*[@id="table-alarm"]/tbody/tr[1]/td[11]/div[2]/ul/li/a/span[1]</arg>
<doc>Returns the text value of the element identified by ``locator``.</doc>
<msg timestamp="20210826 09:55:00.262" level="INFO">${VerifComment} = DE_NEW_A_NFR</msg>
<status status="PASS" starttime="20210826 09:54:59.585" endtime="20210826 09:55:00.262"/>
</kw>
<kw name="Log" library="BuiltIn">
<arg>${VerifComment}</arg>
<doc>Logs the given message with the given level.</doc>
<msg timestamp="20210826 09:55:00.263" level="INFO">DE_NEW_A_NFR</msg>
<status status="PASS" starttime="20210826 09:55:00.262" endtime="20210826 09:55:00.263"/>
</kw>
<kw name="Should Be Equal" library="BuiltIn">
<arg>'${comment}'</arg>
<arg>'${VerifComment}'</arg>
<doc>Fails if the given objects are unequal.</doc>
<status status="PASS" starttime="20210826 09:55:00.264" endtime="20210826 09:55:00.265"/>
</kw>
<kw name="Sleep" library="BuiltIn">
<arg>2</arg>
<doc>Pauses the test executed for the given time.</doc>
<msg timestamp="20210826 09:55:02.267" level="INFO">Slept 2 seconds</msg>
<status status="PASS" starttime="20210826 09:55:00.265" endtime="20210826 09:55:02.267"/>
</kw>
<kw name="Click Element" library="SeleniumLibrary">
<arg>xpath = //*[@id="allAlarmes"]/a/span</arg>
<doc>Click the element identified by ``locator``.</doc>
<msg timestamp="20210826 09:55:02.269" level="INFO">Clicking element 'xpath = //*[@id="allAlarmes"]/a/span'.</msg>
<status status="PASS" starttime="20210826 09:55:02.268" endtime="20210826 09:55:03.212"/>
</kw>
<kw name="Sleep" library="BuiltIn">
<arg>6</arg>
<doc>Pauses the test executed for the given time.</doc>
<msg timestamp="20210826 09:55:09.215" level="INFO">Slept 6 seconds</msg>
<status status="PASS" starttime="20210826 09:55:03.213" endtime="20210826 09:55:09.215"/>
</kw>
<kw name="Run Keyword And Return Status" library="BuiltIn">
<var>${present}</var>
<arg>Element Should Be Visible</arg>
<arg>xpath = //*[@id="table-alarm"]/tbody/tr[1]/td[2]</arg>
<doc>Runs the given keyword with given arguments and returns the status as a Boolean value.</doc>
<kw name="Element Should Be Visible" library="SeleniumLibrary">
<arg>xpath = //*[@id="table-alarm"]/tbody/tr[1]/td[2]</arg>
<doc>Verifies that the element identified by ``locator`` is visible.</doc>
<msg timestamp="20210826 09:55:09.893" level="INFO">Element 'xpath = //*[@id="table-alarm"]/tbody/tr[1]/td[2]' is displayed.</msg>
<status status="PASS" starttime="20210826 09:55:09.216" endtime="20210826 09:55:09.894"/>
</kw>
<msg timestamp="20210826 09:55:09.894" level="INFO">${present} = True</msg>
<status status="PASS" starttime="20210826 09:55:09.216" endtime="20210826 09:55:09.895"/>
</kw>
<kw name="Log" library="BuiltIn">
<arg>${present}</arg>
<doc>Logs the given message with the given level.</doc>
<msg timestamp="20210826 09:55:09.896" level="INFO">True</msg>
<status status="PASS" starttime="20210826 09:55:09.895" endtime="20210826 09:55:09.896"/>
</kw>
<kw name="Sleep" library="BuiltIn">
<arg>2</arg>
<doc>Pauses the test executed for the given time.</doc>
<msg timestamp="20210826 09:55:11.899" level="INFO">Slept 2 seconds</msg>
<status status="PASS" starttime="20210826 09:55:09.897" endtime="20210826 09:55:11.899"/>
</kw>
<kw name="Run Keyword If" library="BuiltIn">
<arg>${present}</arg>
<arg>Click Element</arg>
<arg>xpath = //*[@id="table-alarm"]/tbody/tr[1]/td[2]</arg>
<arg>ELSE</arg>
<arg>Continue For Loop</arg>
<doc>Runs the given keyword with the given arguments, if ``condition`` is true.</doc>
<kw name="Click Element" library="SeleniumLibrary">
<arg>xpath = //*[@id="table-alarm"]/tbody/tr[1]/td[2]</arg>
<doc>Click the element identified by ``locator``.</doc>
[...]
<arg>//*[@id="field_scope"]/option[2]</arg>
<doc>Click the element identified by ``locator``.</doc>
<msg timestamp="20210826 10:18:34.191" level="INFO">Clicking element '//*[@id="field_scope"]/option[2]'.</msg>
<status status="PASS" starttime="20210826 10:18:34.191" endtime="20210826 10:18:35.029"/>
</kw>
<status status="PASS" starttime="20210826 10:18:34.190" endtime="20210826 10:18:35.030"/>
</kw>
<kw name="Wait Until Element Is Visible" library="SeleniumLibrary">
<arg>xpath= /html/body/jhi-main/div[2]/div/div/jhi-home/div/div/div/div/div[2]/div[1]/div/div/div/div/div[2]/div[4]/div/select</arg>
<arg>10</arg>
<doc>Waits until the element ``locator`` is visible.</doc>
<status status="PASS" starttime="20210826 10:18:35.030" endtime="20210826 10:18:35.703"/>
</kw>
<kw name="Sleep" library="BuiltIn">
<arg>2</arg>
<doc>Pauses the test executed for the given time.</doc>
<msg timestamp="20210826 10:18:37.707" level="INFO">Slept 2 seconds</msg>
<status status="PASS" starttime="20210826 10:18:35.704" endtime="20210826 10:18:37.707"/>
</kw>
<kw name="Run Keyword And Return Status" library="BuiltIn">
<var>${present}</var>
<arg>Element Should Be Visible</arg>
<arg>xpath= /html/body/jhi-main/div[2]/div/div/jhi-home/div/div/div/div/div[2]/div[2]/div/div[1]/div[1]/div/div[2]/table/tbody/tr[1]</arg>
<doc>Runs the given keyword with given arguments and returns the status as a Boolean value.</doc>
<kw name="Element Should Be Visible" library="SeleniumLibrary">
<arg>xpath= /html/body/jhi-main/div[2]/div/div/jhi-home/div/div/div/div/div[2]/div[2]/div/div[1]/div[1]/div/div[2]/table/tbody/tr[1]</arg>
<doc>Verifies that the element identified by ``locator`` is visible.</doc>
<msg timestamp="20210826 10:18:38.389" level="INFO">Element 'xpath= /html/body/jhi-main/div[2]/div/div/jhi-home/div/div/div/div/div[2]/div[2]/div/div[1]/div[1]/div/div[2]/table/tbody/tr[1]' is displayed.</msg>
<status status="PASS" starttime="20210826 10:18:37.709" endtime="20210826 10:18:38.390"/>
</kw>
<msg timestamp="20210826 10:18:38.390" level="INFO">${present} = True</msg>
<status status="PASS" starttime="20210826 10:18:37.708" endtime="20210826 10:18:38.390"/>
</kw>
<kw name="Log" library="BuiltIn">
<arg>${present}</arg>
<doc>Logs the given message with the given level.</doc>
<msg timestamp="20210826 10:18:38.392" level="INFO">True</msg>
<status status="PASS" starttime="20210826 10:18:38.391" endtime="20210826 10:18:38.393"/>
</kw>
<kw name="Sleep" library="BuiltIn">
<arg>2</arg>
<doc>Pauses the test executed for the given time.</doc>
<msg timestamp="20210826 10:18:40.394" level="INFO">Slept 2 seconds</msg>
<status status="PASS" starttime="20210826 10:18:38.393" endtime="20210826 10:18:40.394"/>
</kw>
<kw name="Run Keyword If" library="BuiltIn">
<arg>${present}</arg>
<arg>Scroller vers le bas</arg>
<doc>Runs the given keyword with the given arguments, if ``condition`` is true.</doc>
<kw name="Scroller vers le bas" library="common">
<kw name="Execute Javascript" library="SeleniumLibrary">
<arg>window.scrollTo(1239,4777)</arg>
<doc>Executes the given JavaScript code with possible arguments.</doc>
<msg timestamp="20210826 10:18:40.399" level="INFO">Executing JavaScript:
window.scrollTo(1239,4777)
Without any arguments.</msg>
<status status="PASS" starttime="20210826 10:18:40.397" endtime="20210826 10:18:40.848"/>
</kw>
<kw name="Sleep" library="BuiltIn">
<arg>2</arg>
<doc>Pauses the test executed for the given time.</doc>
<msg timestamp="20210826 10:18:42.851" level="INFO">Slept 2 seconds</msg>
<status status="PASS" starttime="20210826 10:18:40.849" endtime="20210826 10:18:42.851"/>
</kw>
<kw name="Execute Javascript" library="SeleniumLibrary">
<arg>window.scrollTo(1239,4777)</arg>
<doc>Executes the given JavaScript code with possible arguments.</doc>
<msg timestamp="20210826 10:18:42.853" level="INFO">Executing JavaScript:
window.scrollTo(1239,4777)
Without any arguments.</msg>
<status status="PASS" starttime="20210826 10:18:42.852" endtime="20210826 10:18:43.277"/>
</kw>
<kw name="Sleep" library="BuiltIn">
<arg>2</arg>
<doc>Pauses the test executed for the given time.</doc>
<msg timestamp="20210826 10:18:45.279" level="INFO">Slept 2 seconds</msg>
<status status="PASS" starttime="20210826 10:18:43.278" endtime="20210826 10:18:45.279"/>
</kw>
<status status="PASS" starttime="20210826 10:18:40.396" endtime="20210826 10:18:45.280"/>
</kw>
<status status="PASS" starttime="20210826 10:18:40.395" endtime="20210826 10:18:45.280"/>
</kw>
<status status="PASS" starttime="20210826 10:18:30.774" endtime="20210826 10:18:45.281"/>
</kw>
<kw name="End Session" library="common" type="TEARDOWN">
<kw name="Run Keyword If" library="BuiltIn">
<arg>'${TEST_STATUS}'== 'PASS'</arg>
<arg>Execute Javascript</arg>
<arg>sauce:job-result=passed</arg>
<arg>ELSE</arg>
<arg>execute javascript</arg>
<arg>sauce:job-result=failed</arg>
<doc>Runs the given keyword with the given arguments, if ``condition`` is true.</doc>
<kw name="Execute Javascript" library="SeleniumLibrary">
<arg>sauce:job-result=passed</arg>
<doc>Executes the given JavaScript code with possible arguments.</doc>
<msg timestamp="20210826 10:18:45.286" level="INFO">Executing JavaScript:
sauce:job-result=passed
Without any arguments.</msg>
<status status="PASS" starttime="20210826 10:18:45.284" endtime="20210826 10:18:45.602"/>
</kw>
<status status="PASS" starttime="20210826 10:18:45.283" endtime="20210826 10:18:45.602"/>
</kw>
<kw name="Execute Javascript" library="SeleniumLibrary">
<arg>sauce:job-name=${TEST NAME}</arg>
<doc>Executes the given JavaScript code with possible arguments.</doc>
<msg timestamp="20210826 10:18:45.618" level="INFO">Executing JavaScript:
sauce:job-name=020_Visualiser_les_alarmes_generees_sur_dashboard
Without any arguments.</msg>
<status status="PASS" starttime="20210826 10:18:45.602" endtime="20210826 10:18:45.932"/>
</kw>
<kw name="Close Browser" library="SeleniumLibrary">
<doc>Closes the current browser.</doc>
<status status="PASS" starttime="20210826 10:18:45.932" endtime="20210826 10:18:46.325"/>
</kw>
<status status="PASS" starttime="20210826 10:18:45.282" endtime="20210826 10:18:46.325"/>
</kw>
<doc>Consulter le status des alarmes generees sur le dashboard</doc>
<tag>TA_020</tag>
<status status="PASS" starttime="20210826 10:18:10.095" endtime="20210826 10:18:46.325"/>
</test>
<test id="s1-s1-t26" name="021_Verification_du_taux_de_prise_en_charge_Alarmes">
<kw name="Set Variable" library="BuiltIn">
<var>${TEST NAME}</var>
<arg>Verification du taux de prise en charge Alarmes</arg>
<doc>Returns the given values which can then be assigned to a variables.</doc>
<msg timestamp="20210826 10:18:46.325" level="INFO">${TEST NAME} = Verification du taux de prise en charge Alarmes</msg>
<status status="PASS" starttime="20210826 10:18:46.325" endtime="20210826 10:18:46.325"/>
</kw>
<kw name="Authentification" library="LoginKeyword">
<kw name="Ouvrir le navigateur" library="common">
<arg>${UrlRadar}</arg>
<kw name="Run Keyword If" library="BuiltIn">
<arg>'${ENVIRONMENT}' == 'rec'</arg>
<arg>open browser</arg>
<arg>${UrlRadar.${ENVIRONMENT}}</arg>
<arg>browser=${browserName}</arg>
<arg>remote_url=${remote_url}</arg>
<arg>desired_capabilities=${capabilities}</arg>
<arg>ELSE</arg>
<arg>open browser</arg>
<arg>${Url_Preprod.${ENVIRONMENT}}</arg>
<arg>browser=${browserName}</arg>
<arg>remote_url=${remote_url}</arg>
<arg>desired_capabilities=${capabilities}</arg>
<doc>Runs the given keyword with the given arguments, if ``condition`` is true.</doc>
<kw name="Open Browser" library="SeleniumLibrary">
<arg>${UrlRadar.${ENVIRONMENT}}</arg>
<arg>browser=${browserName}</arg>
<arg>remote_url=${remote_url}</arg>
<arg>desired_capabilities=${capabilities}</arg>
<doc>Opens a new browser instance to the optional ``url``.</doc>
<msg timestamp="20210826 10:18:46.341" level="INFO">Opening browser 'chrome' to base url 'http://rec-radar.orange-sonatel.com:8080' through remote server at 'https://kouna:6f718376-d013-4617-802c-f78d020ca2cb@ondemand.eu-central-1.saucelabs.com:443/wd/hub'.</msg>
<status status="PASS" starttime="20210826 10:18:46.325" endtime="20210826 10:18:57.056"/>
</kw>
<status status="PASS" starttime="20210826 10:18:46.325" endtime="20210826 10:18:57.056"/>
</kw>
<kw name="Maximize Browser Window" library="SeleniumLibrary">
<doc>Maximizes current browser window.</doc>
<status status="PASS" starttime="20210826 10:18:57.056" endtime="20210826 10:18:57.395"/>
</kw>
<status status="PASS" starttime="20210826 10:18:46.325" endtime="20210826 10:18:57.395"/>
</kw>
<kw name="Entrer le username" library="LoginKeyword">
<arg>${user}</arg>
<kw name="Wait Until Element Is Visible" library="SeleniumLibrary">
<arg>${txt_username}</arg>
<arg>30</arg>
<doc>Waits until the element ``locator`` is visible.</doc>
<status status="PASS" starttime="20210826 10:18:57.395" endtime="20210826 10:18:58.100"/>
</kw>
<kw name="Input Text" library="SeleniumLibrary">
<arg>${txt_username}</arg>
<arg>${username}</arg>
<doc>Types the given ``text`` into the text field identified by ``locator``.</doc>
<msg timestamp="20210826 10:18:58.115" level="INFO">Typing text 'admin' into text field 'id:username'.</msg>
<status status="PASS" starttime="20210826 10:18:58.115" endtime="20210826 10:18:59.356"/>
</kw>
<status status="PASS" starttime="20210826 10:18:57.395" endtime="20210826 10:18:59.356"/>
</kw>
<kw name="Entrer le password" library="LoginKeyword">
<arg>${pwd}</arg>
<kw name="Wait Until Element Is Visible" library="SeleniumLibrary">
<arg>${txt_password}</arg>
<arg>5</arg>
<doc>Waits until the element ``locator`` is visible.</doc>
<status status="PASS" starttime="20210826 10:18:59.356" endtime="20210826 10:19:00.045"/>
</kw>
<kw name="Input Text" library="SeleniumLibrary">
<arg>${txt_password}</arg>
<arg>${password}</arg>
<doc>Types the given ``text`` into the text field identified by ``locator``.</doc>
<msg timestamp="20210826 10:19:00.045" level="INFO">Typing text 'admin' into text field 'id=password'.</msg>
<status status="PASS" starttime="20210826 10:19:00.045" endtime="20210826 10:19:01.383"/>
</kw>
<status status="PASS" starttime="20210826 10:18:59.356" endtime="20210826 10:19:01.383"/>
</kw>
<kw name="Clic sur le bouton Connexion" library="LoginKeyword">
<kw name="Click Button" library="SeleniumLibrary">
<arg>${btn_connexion}</arg>
<doc>Clicks the button identified by ``locator``.</doc>
<msg timestamp="20210826 10:19:01.383" level="INFO">Clicking button 'id:kc-login'.</msg>
<status status="PASS" starttime="20210826 10:19:01.383" endtime="20210826 10:19:06.190"/>
</kw>
<status status="PASS" starttime="20210826 10:19:01.383" endtime="20210826 10:19:06.190"/>
</kw>
<kw name="Sleep" library="BuiltIn">
<arg>2</arg>
<doc>Pauses the test executed for the given time.</doc>
<msg timestamp="20210826 10:19:08.192" level="INFO">Slept 2 seconds</msg>
<status status="PASS" starttime="20210826 10:19:06.190" endtime="20210826 10:19:08.192"/>
</kw>
<kw name="Verifier le titre de la page" library="LoginKeyword">
<kw name="Title Should Be" library="SeleniumLibrary">
<arg>Fraud Management System</arg>
<doc>Verifies that the current page title equals ``title``.</doc>
<msg timestamp="20210826 10:19:08.514" level="INFO">Page title is 'Fraud Management System'.</msg>
<status status="PASS" starttime="20210826 10:19:08.192" endtime="20210826 10:19:08.514"/>
</kw>
<status status="PASS" starttime="20210826 10:19:08.192" endtime="20210826 10:19:08.514"/>
</kw>
<status status="PASS" starttime="20210826 10:18:46.325" endtime="20210826 10:19:08.514"/>
</kw>
<kw name="Filtrer sur les 30 derniers jours dans dashboard" library="AlarmesKeyword">
<kw name="Wait Until Element Is Visible" library="SeleniumLibrary">
<arg>${flt_dateCreation_dahsboard}</arg>
<arg>15</arg>
<doc>Waits until the element ``locator`` is visible.</doc>
<status status="PASS" starttime="20210826 10:19:08.514" endtime="20210826 10:19:09.164"/>
</kw>
<kw name="Click Element" library="SeleniumLibrary">
<arg>${flt_dateCreation_dahsboard}</arg>
<doc>Click the element identified by ``locator``.</doc>
<msg timestamp="20210826 10:19:09.164" level="INFO">Clicking element '//*[@id="dropdownImpact"]/span[2]'.</msg>
<status status="PASS" starttime="20210826 10:19:09.164" endtime="20210826 10:19:10.025"/>
</kw>
<kw name="Wait Until Element Is Visible" library="SeleniumLibrary">
<arg>${flt_30_derniers_jrs_dashboard}</arg>
<arg>15</arg>
<doc>Waits until the element ``locator`` is visible.</doc>
<status status="PASS" starttime="20210826 10:19:10.025" endtime="20210826 10:19:10.691"/>
</kw>
<kw name="Click Element" library="SeleniumLibrary">
<arg>${flt_30_derniers_jrs_dashboard}</arg>
<doc>Click the element identified by ``locator``.</doc>
<msg timestamp="20210826 10:19:10.691" level="INFO">Clicking element 'xpath=/html/body/jhi-main/div[2]/div/div/jhi-home/div/div/div/div/div[2]/div[1]/div/div/div/div/div[2]/div[1]/div/div/div[1]/ul/li[4]/a/span'.</msg>
<status status="PASS" starttime="20210826 10:19:10.691" endtime="20210826 10:19:11.619"/>
</kw>
<kw name="Sleep" library="BuiltIn">
<arg>3</arg>
<doc>Pauses the test executed for the given time.</doc>
<msg timestamp="20210826 10:19:14.639" level="INFO">Slept 3 seconds</msg>
<status status="PASS" starttime="20210826 10:19:11.619" endtime="20210826 10:19:14.639"/>
</kw>
<status status="PASS" starttime="20210826 10:19:08.514" endtime="20210826 10:19:14.639"/>
</kw>
<kw name="Calcul du taux de prise en charge et verification" library="AlarmesKeyword">
<kw name="Wait Until Element Is Visible" library="SeleniumLibrary">
<arg>${txt_nbr_GEN}</arg>
<arg>15</arg>
<doc>Waits until the element ``locator`` is visible.</doc>
<kw name="Capture Page Screenshot" library="SeleniumLibrary">
<doc>Takes a screenshot of the current page and embeds it into a log file.</doc>
<msg timestamp="20210826 10:19:40.389" level="INFO" html="true">&lt;/td&gt;&lt;/tr&gt;&lt;tr&gt;&lt;td colspan="3"&gt;&lt;a href="selenium-screenshot-223.png"&gt;&lt;img src="selenium-screenshot-223.png" width="800px"&gt;&lt;/a&gt;</msg>
<status status="PASS" starttime="20210826 10:19:39.681" endtime="20210826 10:19:40.389"/>
</kw>
<msg timestamp="20210826 10:19:40.483" level="FAIL">Element 'xpath=/html/body/jhi-main/div[2]/div/div/jhi-home/div/div/div/div/div[2]/div[2]/div/div[1]/div[1]/div/div[2]/table/tbody/tr[1]/td[2]' not visible after 15 seconds.</msg>
<status status="FAIL" starttime="20210826 10:19:14.639" endtime="20210826 10:19:40.483"/>
</kw>
<kw name="Get Text" library="SeleniumLibrary">
<var>${GEN}</var>
<arg>${txt_nbr_GEN}</arg>
<doc>Returns the text value of the element identified by ``locator``.</doc>
<status status="NOT RUN" starttime="20210826 10:19:40.483" endtime="20210826 10:19:40.483"/>
</kw>
<kw name="Log" library="BuiltIn">
<arg>${GEN}</arg>
<doc>Logs the given message with the given level.</doc>
<status status="NOT RUN" starttime="20210826 10:19:40.483" endtime="20210826 10:19:40.483"/>
</kw>
<kw name="Get Text" library="SeleniumLibrary">
<var>${INV}</var>
<arg>${txt_nbr_INV}</arg>
<doc>Returns the text value of the element identified by ``locator``.</doc>
<status status="NOT RUN" starttime="20210826 10:19:40.483" endtime="20210826 10:19:40.483"/>
</kw>
<kw name="Log" library="BuiltIn">
<arg>${INV}</arg>
<doc>Logs the given message with the given level.</doc>
<status status="NOT RUN" starttime="20210826 10:19:40.483" endtime="20210826 10:19:40.483"/>
</kw>
<kw name="Get Text" library="SeleniumLibrary">
<var>${PEN}</var>
<arg>${txt_nbr_PEN}</arg>
<doc>Returns the text value of the element identified by ``locator``.</doc>
<status status="NOT RUN" starttime="20210826 10:19:40.483" endtime="20210826 10:19:40.483"/>
</kw>
<kw name="Log" library="BuiltIn">
<arg>${PEN}</arg>
<doc>Logs the given message with the given level.</doc>
<status status="NOT RUN" starttime="20210826 10:19:40.483" endtime="20210826 10:19:40.483"/>
</kw>
<kw name="Get Text" library="SeleniumLibrary">
<var>${AVL}</var>
<arg>${txt_nbr_AVL}</arg>
<doc>Returns the text value of the element identified by ``locator``.</doc>
<status status="NOT RUN" starttime="20210826 10:19:40.483" endtime="20210826 10:19:40.498"/>
</kw>
<kw name="Log" library="BuiltIn">
<arg>${AVL}</arg>
<doc>Logs the given message with the given level.</doc>
<status status="NOT RUN" starttime="20210826 10:19:40.498" endtime="20210826 10:19:40.498"/>
</kw>
<kw name="Get Text" library="SeleniumLibrary">
<var>${NFR}</var>
<arg>${txt_nbr_NFR}</arg>
<doc>Returns the text value of the element identified by ``locator``.</doc>
<status status="NOT RUN" starttime="20210826 10:19:40.498" endtime="20210826 10:19:40.498"/>
</kw>
<kw name="Log" library="BuiltIn">
<arg>${NFR}</arg>
<doc>Logs the given message with the given level.</doc>
<status status="NOT RUN" starttime="20210826 10:19:40.498" endtime="20210826 10:19:40.498"/>
</kw>
<kw name="Get Text" library="SeleniumLibrary">
<var>${FRD}</var>
<arg>${txt_nbr_FRD}</arg>
<doc>Returns the text value of the element identified by ``locator``.</doc>
<status status="NOT RUN" starttime="20210826 10:19:40.498" endtime="20210826 10:19:40.498"/>
</kw>
<kw name="Log" library="BuiltIn">
<arg>${FRD}</arg>
<doc>Logs the given message with the given level.</doc>
<status status="NOT RUN" starttime="20210826 10:19:40.498" endtime="20210826 10:19:40.498"/>
</kw>
<kw name="Get Text" library="SeleniumLibrary">
<var>${TPC_AFFICHE}</var>
<arg>${txt_TPC}</arg>
<doc>Returns the text value of the element identified by ``locator``.</doc>
<status status="NOT RUN" starttime="20210826 10:19:40.498" endtime="20210826 10:19:40.498"/>
</kw>
<kw name="Log" library="BuiltIn">
<arg>${TPC_AFFICHE}</arg>
<doc>Logs the given message with the given level.</doc>
<status status="NOT RUN" starttime="20210826 10:19:40.498" endtime="20210826 10:19:40.498"/>
</kw>
<kw name="Evaluate" library="BuiltIn">
<var>${SUM}</var>
<arg>${INV} + ${PEN} + ${AVL} + ${NFR} + ${FRD}</arg>
<doc>Evaluates the given expression in Python and returns the result.</doc>
<status status="NOT RUN" starttime="20210826 10:19:40.498" endtime="20210826 10:19:40.498"/>
</kw>
<kw name="Log" library="BuiltIn">
<arg>${SUM}</arg>
<doc>Logs the given message with the given level.</doc>
<status status="NOT RUN" starttime="20210826 10:19:40.498" endtime="20210826 10:19:40.498"/>
</kw>
<kw name="Evaluate" library="BuiltIn">
<var>${TPC}</var>
<arg>(${SUM} / ${GEN}) * 100</arg>
<doc>Evaluates the given expression in Python and returns the result.</doc>
<status status="NOT RUN" starttime="20210826 10:19:40.498" endtime="20210826 10:19:40.498"/>
</kw>
<kw name="Log" library="BuiltIn">
<arg>${TPC}</arg>
<doc>Logs the given message with the given level.</doc>
<status status="NOT RUN" starttime="20210826 10:19:40.498" endtime="20210826 10:19:40.498"/>
</kw>
<kw name="Evaluate" library="BuiltIn">
<var>${TPC_CALCULE}</var>
<arg>"%.2f" %${TPC}</arg>
<doc>Evaluates the given expression in Python and returns the result.</doc>
<status status="NOT RUN" starttime="20210826 10:19:40.498" endtime="20210826 10:19:40.498"/>
</kw>
<kw name="Log" library="BuiltIn">
<arg>${TPC_CALCULE}</arg>
<doc>Logs the given message with the given level.</doc>
<status status="NOT RUN" starttime="20210826 10:19:40.498" endtime="20210826 10:19:40.498"/>
</kw>
<kw name="Should Be Equal" library="BuiltIn">
<arg>${TPC_CALCULE}%</arg>
<arg>${TPC_AFFICHE}</arg>
<doc>Fails if the given objects are unequal.</doc>
<status status="NOT RUN" starttime="20210826 10:19:40.498" endtime="20210826 10:19:40.498"/>
</kw>
<status status="FAIL" starttime="20210826 10:19:14.639" endtime="20210826 10:19:40.498"/>
</kw>
<kw name="End Session" library="common" type="TEARDOWN">
<kw name="Run Keyword If" library="BuiltIn">
<arg>'${TEST_STATUS}'== 'PASS'</arg>
<arg>Execute Javascript</arg>
<arg>sauce:job-result=passed</arg>
<arg>ELSE</arg>
<arg>execute javascript</arg>
<arg>sauce:job-result=failed</arg>
<doc>Runs the given keyword with the given arguments, if ``condition`` is true.</doc>
<kw name="Execute Javascript" library="SeleniumLibrary">
<arg>sauce:j