<?xml version="1.0" encoding="UTF-8"?>
<robot generator="Robot 4.0.1 (Python 3.8.6 on win32)" generated="20210727 11:19:50.732" rpa="false" schemaversion="2">
<suite id="s1" name="Tests Recette" source="C:\Users\TMP_FALL53278\Desktop\tests-selenium\Tests_Recette">
<suite id="s1-s1" name="Alertes" source="C:\Users\TMP_FALL53278\Desktop\tests-selenium\Tests_Recette\Alertes.robot">
<test id="s1-s1-t1" name="001_La consultation dune alerte avec verification colonnes">
<kw name="Set Variable" library="BuiltIn">
<var>${TEST NAME}</var>
<arg>La consultation dune alerte avec la verification des colonnes</arg>
<doc>Returns the given values which can then be assigned to a variables.</doc>
<msg timestamp="20210727 11:19:51.223" level="INFO">${TEST NAME} = La consultation dune alerte avec la verification des colonnes</msg>
<status status="PASS" starttime="20210727 11:19:51.223" endtime="20210727 11:19:51.223"/>
</kw>
<kw name="Authentification" library="LoginKeyword">
<kw name="Ouvrir le navigateur" library="common">
<arg>${UrlRadar}</arg>
<kw name="Run Keyword If" library="BuiltIn">
<arg>'${ENVIRONMENT}' == 'rec'</arg>
<arg>open browser</arg>
<arg>${UrlRadar.${ENVIRONMENT}}</arg>
<arg>browser=${browserName}</arg>
<arg>remote_url=${remote_url}</arg>
<arg>desired_capabilities=${capabilities}</arg>
<arg>ELSE</arg>
<arg>open browser</arg>
<arg>${Url_Preprod.${ENVIRONMENT}}</arg>
<arg>browser=${browserName}</arg>
<arg>remote_url=${remote_url}</arg>
<arg>desired_capabilities=${capabilities}</arg>
<doc>Runs the given keyword with the given arguments, if ``condition`` is true.</doc>
<kw name="Open Browser" library="SeleniumLibrary">
<arg>${UrlRadar.${ENVIRONMENT}}</arg>
<arg>browser=${browserName}</arg>
<arg>remote_url=${remote_url}</arg>
<arg>desired_capabilities=${capabilities}</arg>
<doc>Opens a new browser instance to the optional ``url``.</doc>
<msg timestamp="20210727 11:19:51.231" level="INFO">Opening browser 'firefox' to base url 'http://rec-radar.orange-sonatel.com:8080' through remote server at 'https://kouna:6f718376-d013-4617-802c-f78d020ca2cb@ondemand.eu-central-1.saucelabs.com:443/wd/hub'.</msg>
<kw name="Capture Page Screenshot" library="SeleniumLibrary">
<doc>Takes a screenshot of the current page and embeds it into a log file.</doc>
<status status="FAIL" starttime="20210727 11:19:51.352" endtime="20210727 11:19:51.353"/>
</kw>
<msg timestamp="20210727 11:19:51.353" level="WARN">Keyword 'Capture Page Screenshot' could not be run on failure: Execution terminated by signal</msg>
<status status="FAIL" starttime="20210727 11:19:51.225" endtime="20210727 11:19:51.353"/>
</kw>
<status status="FAIL" starttime="20210727 11:19:51.225" endtime="20210727 11:19:51.353"/>
</kw>
<kw name="Maximize Browser Window" library="SeleniumLibrary">
<doc>Maximizes current browser window.</doc>
<status status="NOT RUN" starttime="20210727 11:19:51.354" endtime="20210727 11:19:51.354"/>
</kw>
<status status="FAIL" starttime="20210727 11:19:51.224" endtime="20210727 11:19:51.354"/>
</kw>
<kw name="Entrer le username" library="LoginKeyword">
<arg>${user}</arg>
<status status="NOT RUN" starttime="20210727 11:19:51.355" endtime="20210727 11:19:51.355"/>
</kw>
<kw name="Entrer le password" library="LoginKeyword">
<arg>${pwd}</arg>
<status status="NOT RUN" starttime="20210727 11:19:51.355" endtime="20210727 11:19:51.355"/>
</kw>
<kw name="Clic sur le bouton Connexion" library="LoginKeyword">
<status status="NOT RUN" starttime="20210727 11:19:51.355" endtime="20210727 11:19:51.355"/>
</kw>
<kw name="Sleep" library="BuiltIn">
<arg>2</arg>
<doc>Pauses the test executed for the given time.</doc>
<status status="NOT RUN" starttime="20210727 11:19:51.356" endtime="20210727 11:19:51.356"/>
</kw>
<kw name="Verifier le titre de la page" library="LoginKeyword">
<status status="NOT RUN" starttime="20210727 11:19:51.356" endtime="20210727 11:19:51.356"/>
</kw>
<status status="FAIL" starttime="20210727 11:19:51.224" endtime="20210727 11:19:51.356"/>
</kw>
<kw name="Clic sur le menu Alertes" library="AlertesKeyword">
<status status="NOT RUN" starttime="20210727 11:19:51.357" endtime="20210727 11:19:51.357"/>
</kw>
<kw name="Verifier les colonnes des alertes" library="AlertesKeyword">
<status status="NOT RUN" starttime="20210727 11:19:51.357" endtime="20210727 11:19:51.357"/>
</kw>
<kw name="Clic sur une alerte" library="AlertesKeyword">
<status status="NOT RUN" starttime="20210727 11:19:51.357" endtime="20210727 11:19:51.357"/>
</kw>
<kw name="Recherche de Alert_" library="AlertesKeyword">
<status status="NOT RUN" starttime="20210727 11:19:51.358" endtime="20210727 11:19:51.358"/>
</kw>
<kw name="End Session" library="common" type="TEARDOWN">
<kw name="Run Keyword If" library="BuiltIn">
<arg>'${TEST_STATUS}'== 'PASS'</arg>
<arg>Execute Javascript</arg>
<arg>sauce:job-result=passed</arg>
<arg>ELSE</arg>
<arg>execute javascript</arg>
<arg>sauce:job-result=failed</arg>
<doc>Runs the given keyword with the given arguments, if ``condition`` is true.</doc>
<kw name="Execute Javascript" library="SeleniumLibrary">
<arg>sauce:job-result=failed</arg>
<doc>Executes the given JavaScript code with possible arguments.</doc>
<msg timestamp="20210727 11:19:51.361" level="INFO">Executing JavaScript:
sauce:job-result=failed
Without any arguments.</msg>
<kw name="Capture Page Screenshot" library="SeleniumLibrary">
<doc>Takes a screenshot of the current page and embeds it into a log file.</doc>
<msg timestamp="20210727 11:19:51.362" level="INFO">Cannot capture screenshot because no browser is open.</msg>
<status status="PASS" starttime="20210727 11:19:51.362" endtime="20210727 11:19:51.362"/>
</kw>
<msg timestamp="20210727 11:19:51.368" level="FAIL">No browser is open.</msg>
<status status="FAIL" starttime="20210727 11:19:51.360" endtime="20210727 11:19:51.368"/>
</kw>
<status status="FAIL" starttime="20210727 11:19:51.360" endtime="20210727 11:19:51.368"/>
</kw>
<kw name="Execute Javascript" library="SeleniumLibrary">
<arg>sauce:job-name=${TEST NAME}</arg>
<doc>Executes the given JavaScript code with possible arguments.</doc>
<msg timestamp="20210727 11:19:51.370" level="INFO">Executing JavaScript:
sauce:job-name=001_La consultation dune alerte avec verification colonnes
Without any arguments.</msg>
<kw name="Capture Page Screenshot" library="SeleniumLibrary">
<doc>Takes a screenshot of the current page and embeds it into a log file.</doc>
<msg timestamp="20210727 11:19:51.370" level="INFO">Cannot capture screenshot because no browser is open.</msg>
<status status="PASS" starttime="20210727 11:19:51.370" endtime="20210727 11:19:51.371"/>
</kw>
<msg timestamp="20210727 11:19:51.372" level="FAIL">No browser is open.</msg>
<status status="FAIL" starttime="20210727 11:19:51.369" endtime="20210727 11:19:51.372"/>
</kw>
<kw name="Close Browser" library="SeleniumLibrary">
<doc>Closes the current browser.</doc>
<status status="PASS" starttime="20210727 11:19:51.373" endtime="20210727 11:19:51.373"/>
</kw>
<status status="FAIL" starttime="20210727 11:19:51.358" endtime="20210727 11:19:51.373">Several failures occurred:

1) No browser is open.

2) No browser is open.</status>
</kw>
<doc>La consultation dune alerte avec la verification des colonnes</doc>
<tag>TA_01</tag>
<status status="FAIL" starttime="20210727 11:19:51.221" endtime="20210727 11:19:51.374">Execution terminated by signal

Also teardown failed:
Several failures occurred:

1) No browser is open.

2) No browser is open.</status>
</test>
<test id="s1-s1-t2" name="002_Visualiser les donnees sur le compteur balance par liste de compteur">
<doc>Verifier les donnees renseignees sur le compteur balance par liste de compteur</doc>
<tag>robot:exit</tag>
<tag>TA_02</tag>
<status status="FAIL" starttime="20210727 11:19:51.375" endtime="20210727 11:19:51.377">Test execution stopped due to a fatal error.</status>
</test>
<test id="s1-s1-t3" name="03_Recuperer les alertes par scope">
<doc>Filtrer les alertes par scope</doc>
<tag>robot:exit</tag>
<tag>TA_03</tag>
<status status="FAIL" starttime="20210727 11:19:51.378" endtime="20210727 11:19:51.380">Test execution stopped due to a fatal error.</status>
</test>
<test id="s1-s1-t4" name="004_Exporter_lensemble_des colonnes_des_cdrs_dune_alerte_des_detections_de_cas_arnaque">
<doc>Exporter lensemble des colonnes des cdrs dune alerte des détections de cas arnaque</doc>
<tag>robot:exit</tag>
<tag>TA_004</tag>
<status status="FAIL" starttime="20210727 11:19:51.381" endtime="20210727 11:19:51.382">Test execution stopped due to a fatal error.</status>
</test>
<status status="FAIL" starttime="20210727 11:19:50.784" endtime="20210727 11:19:51.384"/>
</suite>
<status status="FAIL" starttime="20210727 11:19:50.735" endtime="20210727 11:19:51.387"/>
</suite>
<statistics>
<total>
<stat pass="0" fail="4" skip="0">All Tests</stat>
</total>
<tag>
<stat pass="0" fail="1" skip="0" info="combined" combined="NOT robot:exit">NOT robot:exit</stat>
<stat pass="0" fail="3" skip="0">robot:exit</stat>
<stat pass="0" fail="1" skip="0">TA_004</stat>
<stat pass="0" fail="1" skip="0">TA_01</stat>
<stat pass="0" fail="1" skip="0">TA_02</stat>
<stat pass="0" fail="1" skip="0">TA_03</stat>
</tag>
<suite>
<stat pass="0" fail="4" skip="0" id="s1" name="Tests Recette">Tests Recette</stat>
<stat pass="0" fail="4" skip="0" id="s1-s1" name="Alertes">Tests Recette.Alertes</stat>
</suite>
</statistics>
<errors>
<msg timestamp="20210727 11:19:51.353" level="WARN">Keyword 'Capture Page Screenshot' could not be run on failure: Execution terminated by signal</msg>
</errors>
</robot>
