<?xml version="1.0" encoding="UTF-8"?>
<robot generator="Robot 4.0.1 (Python 3.8.6 on win32)" generated="20210527 11:34:36.234" rpa="false" schemaversion="2">
<suite id="s1" name="Rules" source="C:\Users\TMP_FALL53278\Desktop\tests-selenium\Tests\Rules.robot">
<test id="s1-t1" name="001_Liste des regles">
<kw name="Authentification">
<msg timestamp="20210527 11:34:37.064" level="FAIL">No keyword with name 'Authentification' found.</msg>
<status status="FAIL" starttime="20210527 11:34:37.064" endtime="20210527 11:34:37.064"/>
</kw>
<kw name="Clic sur le menu Regles" library="RulesKeyword">
<status status="NOT RUN" starttime="20210527 11:34:37.064" endtime="20210527 11:34:37.064"/>
</kw>
<kw name="Verfication du bouton Creer une nouvelle regle" library="RulesKeyword">
<status status="NOT RUN" starttime="20210527 11:34:37.064" endtime="20210527 11:34:37.064"/>
</kw>
<kw name="Verification des filtres regles" library="RulesKeyword">
<status status="NOT RUN" starttime="20210527 11:34:37.064" endtime="20210527 11:34:37.064"/>
</kw>
<kw name="Verification des colonnes" library="RulesKeyword">
<status status="NOT RUN" starttime="20210527 11:34:37.064" endtime="20210527 11:34:37.064"/>
</kw>
<kw name="Verification des boutons Activer et Desactiver" library="RulesKeyword">
<status status="NOT RUN" starttime="20210527 11:34:37.064" endtime="20210527 11:34:37.064"/>
</kw>
<kw name="End Session" library="common" type="TEARDOWN">
<kw name="Run Keyword If" library="BuiltIn">
<arg>'${TEST_STATUS}'== 'PASS'</arg>
<arg>Execute Javascript</arg>
<arg>sauce:job-result=passed</arg>
<arg>ELSE</arg>
<arg>execute javascript</arg>
<arg>sauce:job-result=failed</arg>
<doc>Runs the given keyword with the given arguments, if ``condition`` is true.</doc>
<kw name="Execute Javascript" library="SeleniumLibrary">
<arg>sauce:job-result=failed</arg>
<doc>Executes the given JavaScript code with possible arguments.</doc>
<msg timestamp="20210527 11:34:37.081" level="INFO">Executing JavaScript:
sauce:job-result=failed
Without any arguments.</msg>
<kw name="Capture Page Screenshot" library="SeleniumLibrary">
<doc>Takes a screenshot of the current page and embeds it into a log file.</doc>
<msg timestamp="20210527 11:34:37.081" level="INFO">Cannot capture screenshot because no browser is open.</msg>
<status status="PASS" starttime="20210527 11:34:37.081" endtime="20210527 11:34:37.081"/>
</kw>
<msg timestamp="20210527 11:34:37.082" level="FAIL">No browser is open.</msg>
<status status="FAIL" starttime="20210527 11:34:37.064" endtime="20210527 11:34:37.082"/>
</kw>
<status status="FAIL" starttime="20210527 11:34:37.064" endtime="20210527 11:34:37.082"/>
</kw>
<kw name="Close Browser" library="SeleniumLibrary">
<doc>Closes the current browser.</doc>
<status status="PASS" starttime="20210527 11:34:37.082" endtime="20210527 11:34:37.082"/>
</kw>
<status status="FAIL" starttime="20210527 11:34:37.064" endtime="20210527 11:34:37.082">No browser is open.</status>
</kw>
<doc>La liste des Regles</doc>
<tag>TA_001</tag>
<status status="FAIL" starttime="20210527 11:34:37.048" endtime="20210527 11:34:37.082">No keyword with name 'Authentification' found.

Also teardown failed:
No browser is open.</status>
</test>
<test id="s1-t2" name="002_Reaffectation_d_une_regle_Modification_de_la_regle">
<kw name="Authentification">
<msg timestamp="20210527 11:34:37.098" level="FAIL">No keyword with name 'Authentification' found.</msg>
<status status="FAIL" starttime="20210527 11:34:37.098" endtime="20210527 11:34:37.098"/>
</kw>
<kw name="Clic sur le menu Regles" library="RulesKeyword">
<status status="NOT RUN" starttime="20210527 11:34:37.098" endtime="20210527 11:34:37.098"/>
</kw>
<kw name="Cliquer sur une Regle" library="RulesKeyword">
<status status="NOT RUN" starttime="20210527 11:34:37.098" endtime="20210527 11:34:37.098"/>
</kw>
<kw name="Scroller vers le bas" library="common">
<status status="NOT RUN" starttime="20210527 11:34:37.098" endtime="20210527 11:34:37.098"/>
</kw>
<kw name="Cliquer sur Editer la Regle" library="RulesKeyword">
<status status="NOT RUN" starttime="20210527 11:34:37.098" endtime="20210527 11:34:37.098"/>
</kw>
<kw name="Scroller vers le bas" library="common">
<status status="NOT RUN" starttime="20210527 11:34:37.098" endtime="20210527 11:34:37.098"/>
</kw>
<kw name="Click Element" library="SeleniumLibrary">
<arg>xpath=//*[@id="form-add-rule"]/div/div[2]/button[2]/span/span</arg>
<doc>Click the element identified by ``locator``.</doc>
<status status="NOT RUN" starttime="20210527 11:34:37.098" endtime="20210527 11:34:37.098"/>
</kw>
<kw name="Scroller vers le bas" library="common">
<status status="NOT RUN" starttime="20210527 11:34:37.098" endtime="20210527 11:34:37.098"/>
</kw>
<kw name="Choisir le nom de l'analyste" library="RulesKeyword">
<status status="NOT RUN" starttime="20210527 11:34:37.098" endtime="20210527 11:34:37.098"/>
</kw>
<kw name="Click Element" library="SeleniumLibrary">
<arg>//*[@id="form-add-rule"]/div/div[2]/button[3]/span/span</arg>
<doc>Click the element identified by ``locator``.</doc>
<status status="NOT RUN" starttime="20210527 11:34:37.113" endtime="20210527 11:34:37.113"/>
</kw>
<kw name="Cliquer a nouveau sur la Regle" library="RulesKeyword">
<status status="NOT RUN" starttime="20210527 11:34:37.113" endtime="20210527 11:34:37.113"/>
</kw>
<kw name="Verifier si la regle est assigne a l'analyste choisi" library="RulesKeyword">
<status status="NOT RUN" starttime="20210527 11:34:37.113" endtime="20210527 11:34:37.113"/>
</kw>
<kw name="End Session" library="common" type="TEARDOWN">
<kw name="Run Keyword If" library="BuiltIn">
<arg>'${TEST_STATUS}'== 'PASS'</arg>
<arg>Execute Javascript</arg>
<arg>sauce:job-result=passed</arg>
<arg>ELSE</arg>
<arg>execute javascript</arg>
<arg>sauce:job-result=failed</arg>
<doc>Runs the given keyword with the given arguments, if ``condition`` is true.</doc>
<kw name="Execute Javascript" library="SeleniumLibrary">
<arg>sauce:job-result=failed</arg>
<doc>Executes the given JavaScript code with possible arguments.</doc>
<msg timestamp="20210527 11:34:37.113" level="INFO">Executing JavaScript:
sauce:job-result=failed
Without any arguments.</msg>
<kw name="Capture Page Screenshot" library="SeleniumLibrary">
<doc>Takes a screenshot of the current page and embeds it into a log file.</doc>
<msg timestamp="20210527 11:34:37.113" level="INFO">Cannot capture screenshot because no browser is open.</msg>
<status status="PASS" starttime="20210527 11:34:37.113" endtime="20210527 11:34:37.113"/>
</kw>
<msg timestamp="20210527 11:34:37.113" level="FAIL">No browser is open.</msg>
<status status="FAIL" starttime="20210527 11:34:37.113" endtime="20210527 11:34:37.113"/>
</kw>
<status status="FAIL" starttime="20210527 11:34:37.113" endtime="20210527 11:34:37.113"/>
</kw>
<kw name="Close Browser" library="SeleniumLibrary">
<doc>Closes the current browser.</doc>
<status status="PASS" starttime="20210527 11:34:37.113" endtime="20210527 11:34:37.113"/>
</kw>
<status status="FAIL" starttime="20210527 11:34:37.113" endtime="20210527 11:34:37.113">No browser is open.</status>
</kw>
<doc>Reaffectation d une regle</doc>
<tag>TA_02</tag>
<status status="FAIL" starttime="20210527 11:34:37.082" endtime="20210527 11:34:37.113">No keyword with name 'Authentification' found.

Also teardown failed:
No browser is open.</status>
</test>
<test id="s1-t3" name="003_Verification ajout nouvel operateur">
<kw name="Authentification">
<msg timestamp="20210527 11:34:37.129" level="FAIL">No keyword with name 'Authentification' found.</msg>
<status status="FAIL" starttime="20210527 11:34:37.129" endtime="20210527 11:34:37.129"/>
</kw>
<kw name="Verification_ajout_nouvel_operateur" library="RulesKeyword">
<status status="NOT RUN" starttime="20210527 11:34:37.129" endtime="20210527 11:34:37.129"/>
</kw>
<kw name="End Session" library="common" type="TEARDOWN">
<kw name="Run Keyword If" library="BuiltIn">
<arg>'${TEST_STATUS}'== 'PASS'</arg>
<arg>Execute Javascript</arg>
<arg>sauce:job-result=passed</arg>
<arg>ELSE</arg>
<arg>execute javascript</arg>
<arg>sauce:job-result=failed</arg>
<doc>Runs the given keyword with the given arguments, if ``condition`` is true.</doc>
<kw name="Execute Javascript" library="SeleniumLibrary">
<arg>sauce:job-result=failed</arg>
<doc>Executes the given JavaScript code with possible arguments.</doc>
<msg timestamp="20210527 11:34:37.144" level="INFO">Executing JavaScript:
sauce:job-result=failed
Without any arguments.</msg>
<kw name="Capture Page Screenshot" library="SeleniumLibrary">
<doc>Takes a screenshot of the current page and embeds it into a log file.</doc>
<msg timestamp="20210527 11:34:37.144" level="INFO">Cannot capture screenshot because no browser is open.</msg>
<status status="PASS" starttime="20210527 11:34:37.144" endtime="20210527 11:34:37.144"/>
</kw>
<msg timestamp="20210527 11:34:37.144" level="FAIL">No browser is open.</msg>
<status status="FAIL" starttime="20210527 11:34:37.144" endtime="20210527 11:34:37.144"/>
</kw>
<status status="FAIL" starttime="20210527 11:34:37.129" endtime="20210527 11:34:37.144"/>
</kw>
<kw name="Close Browser" library="SeleniumLibrary">
<doc>Closes the current browser.</doc>
<status status="PASS" starttime="20210527 11:34:37.144" endtime="20210527 11:34:37.144"/>
</kw>
<status status="FAIL" starttime="20210527 11:34:37.129" endtime="20210527 11:34:37.144">No browser is open.</status>
</kw>
<doc>Visualisation de la colonne promobile</doc>
<tag>TA_028</tag>
<status status="FAIL" starttime="20210527 11:34:37.113" endtime="20210527 11:34:37.144">No keyword with name 'Authentification' found.

Also teardown failed:
No browser is open.</status>
</test>
<test id="s1-t4" name="004_Generecite_Choix_Destination">
<kw name="Authentification">
<msg timestamp="20210527 11:34:37.160" level="FAIL">No keyword with name 'Authentification' found.</msg>
<status status="FAIL" starttime="20210527 11:34:37.160" endtime="20210527 11:34:37.160"/>
</kw>
<kw name="Verifier les destinations en fonction du scope et du flux choisi" library="RulesKeyword">
<status status="NOT RUN" starttime="20210527 11:34:37.160" endtime="20210527 11:34:37.160"/>
</kw>
<kw name="End Session" library="common" type="TEARDOWN">
<kw name="Run Keyword If" library="BuiltIn">
<arg>'${TEST_STATUS}'== 'PASS'</arg>
<arg>Execute Javascript</arg>
<arg>sauce:job-result=passed</arg>
<arg>ELSE</arg>
<arg>execute javascript</arg>
<arg>sauce:job-result=failed</arg>
<doc>Runs the given keyword with the given arguments, if ``condition`` is true.</doc>
<kw name="Execute Javascript" library="SeleniumLibrary">
<arg>sauce:job-result=failed</arg>
<doc>Executes the given JavaScript code with possible arguments.</doc>
<msg timestamp="20210527 11:34:37.160" level="INFO">Executing JavaScript:
sauce:job-result=failed
Without any arguments.</msg>
<kw name="Capture Page Screenshot" library="SeleniumLibrary">
<doc>Takes a screenshot of the current page and embeds it into a log file.</doc>
<msg timestamp="20210527 11:34:37.160" level="INFO">Cannot capture screenshot because no browser is open.</msg>
<status status="PASS" starttime="20210527 11:34:37.160" endtime="20210527 11:34:37.160"/>
</kw>
<msg timestamp="20210527 11:34:37.176" level="FAIL">No browser is open.</msg>
<status status="FAIL" starttime="20210527 11:34:37.160" endtime="20210527 11:34:37.176"/>
</kw>
<status status="FAIL" starttime="20210527 11:34:37.160" endtime="20210527 11:34:37.176"/>
</kw>
<kw name="Close Browser" library="SeleniumLibrary">
<doc>Closes the current browser.</doc>
<status status="PASS" starttime="20210527 11:34:37.176" endtime="20210527 11:34:37.176"/>
</kw>
<status status="FAIL" starttime="20210527 11:34:37.160" endtime="20210527 11:34:37.176">No browser is open.</status>
</kw>
<doc>Generecite du choix de destinations en fonction du scope et du flux choisi</doc>
<tag>TA_030</tag>
<status status="FAIL" starttime="20210527 11:34:37.144" endtime="20210527 11:34:37.176">No keyword with name 'Authentification' found.

Also teardown failed:
No browser is open.</status>
</test>
<status status="FAIL" starttime="20210527 11:34:36.250" endtime="20210527 11:34:37.176"/>
</suite>
<statistics>
<total>
<stat pass="0" fail="4" skip="0">All Tests</stat>
</total>
<tag>
<stat pass="0" fail="1" skip="0">TA_001</stat>
<stat pass="0" fail="1" skip="0">TA_02</stat>
<stat pass="0" fail="1" skip="0">TA_028</stat>
<stat pass="0" fail="1" skip="0">TA_030</stat>
</tag>
<suite>
<stat pass="0" fail="4" skip="0" id="s1" name="Rules">Rules</stat>
</suite>
</statistics>
<errors>
</errors>
</robot>
